11:32:07.670 [main                     ] DEBUG Logger               - Configured Logger
11:32:07.670 [main                     ] DEBUG GameApplication      - Logging settings
Title: Sweet Saga Quest
Version: 1.0
Width: 640
Height: 480
Fullscreen: false
Intro: false
Profiling: false
Single step:false
App Mode: DEVELOPER
Menu Key: ESCAPE
Stage Style: DECORATED
Scene Factory: class com.almasb.fxgl.app.scene.SceneFactory

11:32:08.193 [JavaFX Application Thread] DEBUG FXGLApplication      - Initializing FXGL
11:32:08.195 [JavaFX Application Thread] INFO  Engine               - FXGL-11.12 (11.12.2020 08.51) on WINDOWS (J:17.0.9 FX:15)
11:32:08.195 [JavaFX Application Thread] DEBUG Engine               - JRE Vendor Name: Oracle Corporation
11:32:08.195 [JavaFX Application Thread] DEBUG Engine               - Running on OS: Windows 11 version 10.0
11:32:08.195 [JavaFX Application Thread] DEBUG Engine               - Architecture: amd64
11:32:08.195 [JavaFX Application Thread] INFO  Engine               - Source code and latest versions at: https://github.com/AlmasB/FXGL
11:32:08.196 [JavaFX Application Thread] INFO  Engine               -              Join the FXGL chat at: https://gitter.im/AlmasB/FXGL
11:32:08.313 [JavaFX Application Thread] DEBUG MainWindow           - Creating a JavaFX scene
11:32:08.369 [JavaFX Application Thread] DEBUG MainWindow           - Target settings size: 640.0 x 480.0
11:32:08.369 [JavaFX Application Thread] DEBUG MainWindow           - Scaled scene size:    640.0 x 480.0
11:32:08.369 [JavaFX Application Thread] DEBUG MainWindow           - Scaled ratio: (1.0, 1.0)
11:32:08.370 [JavaFX Application Thread] DEBUG MainWindow           - Set initial scene to StartupScene
11:32:08.378 [JavaFX Application Thread] DEBUG MainWindow           - Opening main window
11:32:08.474 [JavaFX Application Thread] DEBUG MainWindow           - Window border size: (14.4000244140625, 37.5999755859375)
11:32:08.474 [JavaFX Application Thread] DEBUG MainWindow           - Scaled size: 640.0 x 480.0
11:32:08.474 [JavaFX Application Thread] DEBUG MainWindow           - Scaled ratio: (1.0, 1.0)
11:32:08.476 [JavaFX Application Thread] DEBUG MainWindow           - Scene size: 640.0 x 480.0
11:32:08.476 [JavaFX Application Thread] DEBUG MainWindow           - Stage size: 654.4000244140625 x 517.5999755859375
11:32:08.483 [FXGL Background Thread 1 ] DEBUG Engine               - Initializing environment variables
11:32:08.517 [FXGL Background Thread 1 ] DEBUG GameApplicationServi - Applying CSS: fxgl_dark.css
11:32:08.517 [FXGL Background Thread 1 ] DEBUG FXGLAssetLoaderServi - Loading from file system: /assets/ui/css/fxgl_dark.css
11:32:08.578 [FXGL Background Thread 1 ] DEBUG GameApplicationServi - Initializing application scenes
11:32:08.620 [FXGL Background Thread 1 ] DEBUG GameWorld            - Game world initialized
11:32:08.702 [FXGL Background Thread 1 ] DEBUG PhysicsWorld         - Physics world initialized: appHeight=480, physics.ppm=50.0
11:32:08.706 [FXGL Background Thread 1 ] DEBUG GameScene            - Game scene initialized: 640x480
11:32:08.748 [FXGL Background Thread 1 ] DEBUG FXGLAssetLoaderServi - Loading from file system: /assets/textures/particles/trace_horizontal.png
11:32:08.809 [FXGL Background Thread 1 ] WARN  FXGL.DefaultMenu     - FXGLDefaultMenu is not designed for resolutions < 800x600
11:32:08.809 [FXGL Background Thread 1 ] DEBUG FXGL.DefaultMenu     - createMenuBodyGameMenu()
11:32:08.825 [FXGL Background Thread 1 ] DEBUG FXGL.DefaultMenu     - createOptionsMenu()
11:32:08.831 [FXGL Background Thread 1 ] DEBUG FXGLAssetLoaderServi - Loading from file system: /assets/textures/particles/smoke.png
11:32:08.909 [FXGL Background Thread 1 ] DEBUG GameApplicationServi - Application scenes initialized
11:32:08.924 [FXGL Background Thread 1 ] DEBUG SystemBundleService  - Loading FXGL system data
11:32:08.936 [FXGL Background Thread 1 ] DEBUG FileSystemAccess     - Reading from: D:\Dev\SweetSagaQuest\system\fxgl.bundle
11:32:08.947 [FXGL Background Thread 1 ] DEBUG SystemBundleService  - Bundle FXGL: {}
11:32:08.947 [FXGL Background Thread 1 ] DEBUG UpdaterService       - Checking for updates
11:32:08.951 [FXGL Background Thread 4 ] DEBUG FXGLApplication      - Loading fonts
11:32:08.952 [FXGL Background Thread 4 ] DEBUG FXGLAssetLoaderServi - Loading from file system: /assets/ui/fonts/VarelaRound-Regular.ttf
11:32:08.952 [FXGL Background Thread 1 ] DEBUG FXGLApplication      - Loading default localization
11:32:08.952 [FXGL Background Thread 1 ] DEBUG FXGLAssetLoaderServi - Loading from file system: /assets/languages/english.lang
11:32:08.981 [FXGL Background Thread 1 ] INFO  FXGLApplication      - FXGL initialization took: 0.497 sec
11:32:08.982 [JavaFX Application Thread] DEBUG FXGLAssetLoaderServi - Loading from file system: /assets/textures/fxgl_icon.png
11:32:09.005 [JavaFX Application Thread] DEBUG FXGLAssetLoaderServi - Loading from file system: /assets/ui/cursors/fxgl_default.png
11:32:09.018 [JavaFX Application Thread] DEBUG Input                - Registered new binding: Screenshot - P
11:32:09.019 [JavaFX Application Thread] DEBUG Input                - Registered new binding: System info dump - CTRL+9
11:32:09.020 [JavaFX Application Thread] DEBUG Input                - Registered new binding: Restart - CTRL+R
11:32:09.022 [JavaFX Application Thread] DEBUG Input                - Registered new binding: Toggle Debug Camera - CTRL+C
11:32:09.028 [JavaFX Application Thread] DEBUG LoopRunner           - Starting loop
11:32:09.029 [JavaFX Application Thread] DEBUG GameApplicationServi - Starting new game
11:32:09.029 [JavaFX Application Thread] DEBUG Input                - Clearing active input actions
11:32:09.035 [FXGL Background Thread 4 ] DEBUG FXGLAssetLoaderServi - Loading from file system: /assets/ui/fonts/Abel-Regular.ttf
11:32:09.040 [FXGL Background Thread 4 ] DEBUG FXGLAssetLoaderServi - Loading from file system: /assets/ui/fonts/lucida_console.ttf
11:32:09.043 [JavaFX Application Thread] DEBUG GameApplicationServi - Removing overlay from StartupScene and adding to FXGLLoadingScene
11:32:09.043 [JavaFX Application Thread] DEBUG MainWindow           - StartupScene -> FXGLLoadingScene
11:32:09.043 [JavaFX Application Thread] DEBUG GameApplicationServi - Clearing previous game
11:32:09.043 [JavaFX Application Thread] DEBUG GameScene            - Clearing game scene
11:32:09.043 [JavaFX Application Thread] DEBUG GameWorld            - Clearing game world
11:32:09.044 [JavaFX Application Thread] DEBUG PhysicsWorld         - Clearing physics world
11:32:09.046 [FXGL Background Thread 1 ] DEBUG FXGLApplication      - Initializing game
11:32:09.047 [FXGL Background Thread 4 ] DEBUG FXGLAssetLoaderServi - Loading from file system: /assets/ui/fonts/Courier-Prime.ttf
11:32:09.049 [FXGL Background Thread 1 ] DEBUG FXGLAssetLoaderServi - Loading from file system: /assets/textures/green.png
11:32:09.068 [FXGL Background Thread 1 ] DEBUG FXGLAssetLoaderServi - Loading from file system: /assets/textures/blue.png
11:32:09.071 [FXGL Background Thread 1 ] DEBUG FXGLAssetLoaderServi - Loading from file system: /assets/textures/purple.png
11:32:09.073 [FXGL Background Thread 1 ] DEBUG FXGLAssetLoaderServi - Loading from cache: /assets/textures/green.png
11:32:09.074 [FXGL Background Thread 1 ] DEBUG FXGLAssetLoaderServi - Loading from cache: /assets/textures/purple.png
11:32:09.076 [FXGL Background Thread 1 ] DEBUG FXGLAssetLoaderServi - Loading from file system: /assets/textures/yellow.png
11:32:09.079 [FXGL Background Thread 1 ] DEBUG FXGLAssetLoaderServi - Loading from cache: /assets/textures/green.png
11:32:09.080 [FXGL Background Thread 1 ] DEBUG FXGLAssetLoaderServi - Loading from cache: /assets/textures/green.png
11:32:09.081 [FXGL Background Thread 1 ] DEBUG FXGLAssetLoaderServi - Loading from cache: /assets/textures/yellow.png
11:32:09.082 [FXGL Background Thread 1 ] DEBUG FXGLAssetLoaderServi - Loading from file system: /assets/textures/red.png
11:32:09.084 [FXGL Background Thread 1 ] DEBUG FXGLAssetLoaderServi - Loading from file system: /assets/textures/orange.png
11:32:09.086 [FXGL Background Thread 1 ] DEBUG FXGLAssetLoaderServi - Loading from cache: /assets/textures/green.png
11:32:09.087 [FXGL Background Thread 1 ] DEBUG FXGLAssetLoaderServi - Loading from cache: /assets/textures/yellow.png
11:32:09.088 [FXGL Background Thread 1 ] DEBUG FXGLAssetLoaderServi - Loading from cache: /assets/textures/green.png
11:32:09.089 [FXGL Background Thread 1 ] DEBUG FXGLAssetLoaderServi - Loading from cache: /assets/textures/orange.png
11:32:09.090 [FXGL Background Thread 1 ] DEBUG FXGLAssetLoaderServi - Loading from cache: /assets/textures/green.png
11:32:09.091 [FXGL Background Thread 1 ] DEBUG FXGLAssetLoaderServi - Loading from cache: /assets/textures/red.png
11:32:09.092 [FXGL Background Thread 1 ] DEBUG FXGLAssetLoaderServi - Loading from cache: /assets/textures/purple.png
11:32:09.094 [FXGL Background Thread 1 ] DEBUG FXGLAssetLoaderServi - Loading from cache: /assets/textures/green.png
11:32:09.095 [FXGL Background Thread 1 ] DEBUG FXGLAssetLoaderServi - Loading from cache: /assets/textures/orange.png
11:32:09.095 [FXGL Background Thread 1 ] DEBUG FXGLAssetLoaderServi - Loading from cache: /assets/textures/red.png
11:32:09.097 [JavaFX Application Thread] DEBUG FXGLApplication      - Registering font factories with UI factory
11:32:09.099 [FXGL Background Thread 1 ] DEBUG FXGLAssetLoaderServi - Loading from cache: /assets/textures/red.png
11:32:09.100 [FXGL Background Thread 1 ] DEBUG FXGLAssetLoaderServi - Loading from cache: /assets/textures/yellow.png
11:32:09.101 [FXGL Background Thread 1 ] DEBUG FXGLAssetLoaderServi - Loading from cache: /assets/textures/blue.png
11:32:09.102 [FXGL Background Thread 1 ] DEBUG FXGLAssetLoaderServi - Loading from cache: /assets/textures/red.png
11:32:09.103 [FXGL Background Thread 1 ] DEBUG FXGLAssetLoaderServi - Loading from cache: /assets/textures/red.png
11:32:09.104 [FXGL Background Thread 1 ] DEBUG FXGLAssetLoaderServi - Loading from cache: /assets/textures/blue.png
11:32:09.105 [FXGL Background Thread 1 ] DEBUG FXGLAssetLoaderServi - Loading from cache: /assets/textures/orange.png
11:32:09.106 [FXGL Background Thread 1 ] DEBUG FXGLAssetLoaderServi - Loading from cache: /assets/textures/orange.png
11:32:09.106 [FXGL Background Thread 1 ] DEBUG FXGLAssetLoaderServi - Loading from cache: /assets/textures/purple.png
11:32:09.107 [FXGL Background Thread 1 ] DEBUG FXGLAssetLoaderServi - Loading from cache: /assets/textures/purple.png
11:32:09.109 [FXGL Background Thread 1 ] DEBUG FXGLAssetLoaderServi - Loading from cache: /assets/textures/red.png
11:32:09.110 [FXGL Background Thread 1 ] DEBUG FXGLAssetLoaderServi - Loading from cache: /assets/textures/purple.png
11:32:09.111 [FXGL Background Thread 1 ] DEBUG FXGLAssetLoaderServi - Loading from cache: /assets/textures/red.png
11:32:09.112 [FXGL Background Thread 1 ] DEBUG FXGLAssetLoaderServi - Loading from cache: /assets/textures/red.png
11:32:09.113 [FXGL Background Thread 1 ] DEBUG FXGLAssetLoaderServi - Loading from cache: /assets/textures/yellow.png
11:32:09.117 [FXGL Background Thread 1 ] INFO  FXGLApplication      - Game initialization took: 0.071 sec
11:32:09.173 [JavaFX Application Thread] DEBUG Input                - Clearing active input actions
11:32:09.197 [JavaFX Application Thread] DEBUG GameApplicationServi - Removing overlay from FXGLLoadingScene and adding to GameScene
11:32:09.197 [JavaFX Application Thread] DEBUG MainWindow           - FXGLLoadingScene -> GameScene
11:32:09.767 [FXGL Background Thread 2 ] INFO  UpdaterService       - Your current version:  11.12
11:32:09.768 [FXGL Background Thread 2 ] INFO  UpdaterService       - Latest stable version: 21.1
11:32:11.951 [FXGL Background Thread 3 ] DEBUG Engine               - Logging environment variables
11:32:11.953 [FXGL Background Thread 3 ] DEBUG Engine               - achievements: []
11:32:11.954 [FXGL Background Thread 3 ] DEBUG Engine               - actualHeight: 480.0
11:32:11.954 [FXGL Background Thread 3 ] DEBUG Engine               - actualHeightProperty: ReadOnlyDoubleProperty [value: 480.0]
11:32:11.954 [FXGL Background Thread 3 ] DEBUG Engine               - actualWidth: 640.0
11:32:11.955 [FXGL Background Thread 3 ] DEBUG Engine               - actualWidthProperty: ReadOnlyDoubleProperty [value: 640.0]
11:32:11.955 [FXGL Background Thread 3 ] DEBUG Engine               - appIcon: fxgl_icon.png
11:32:11.955 [FXGL Background Thread 3 ] DEBUG Engine               - applicationMode: DEVELOPER
11:32:11.955 [FXGL Background Thread 3 ] DEBUG Engine               - cSSList: [fxgl_dark.css]
11:32:11.955 [FXGL Background Thread 3 ] DEBUG Engine               - configClass: Optional.empty
11:32:11.956 [FXGL Background Thread 3 ] DEBUG Engine               - credits: []
11:32:11.956 [FXGL Background Thread 3 ] DEBUG Engine               - devBBoxColorProperty: ObjectProperty [value: 0xff0000ff]
11:32:11.956 [FXGL Background Thread 3 ] DEBUG Engine               - devEnableDebugCameraProperty: BooleanProperty [value: false]
11:32:11.957 [FXGL Background Thread 3 ] DEBUG Engine               - devSensorColorProperty: ObjectProperty [value: 0xffff00ff]
11:32:11.957 [FXGL Background Thread 3 ] DEBUG Engine               - devShowBBoxProperty: BooleanProperty [value: false]
11:32:11.957 [FXGL Background Thread 3 ] DEBUG Engine               - devShowPositionProperty: BooleanProperty [value: false]
11:32:11.957 [FXGL Background Thread 3 ] DEBUG Engine               - enabledMenuItems: []
11:32:11.957 [FXGL Background Thread 3 ] DEBUG Engine               - engineServices: [class com.almasb.fxgl.app.FXGLApplication$GameApplicationService, class com.almasb.fxgl.app.services.FXGLDialogService, class com.almasb.fxgl.app.services.IOTaskExecutorService, class com.almasb.fxgl.event.EventBusService, class com.almasb.fxgl.io.FileSystemService, class com.almasb.fxgl.localization.LocalizationService, class com.almasb.fxgl.app.services.FXGLAssetLoaderService, class com.almasb.fxgl.app.services.SystemBundleService, class com.almasb.fxgl.profile.SaveLoadService, class com.almasb.fxgl.ui.FXGLUIFactoryServiceProvider, class com.almasb.fxgl.ui.FXGLDialogFactoryServiceProvider, class com.almasb.fxgl.audio.AudioPlayer, class com.almasb.fxgl.notification.impl.NotificationServiceProvider, class com.almasb.fxgl.achievement.AchievementService, class com.almasb.fxgl.cutscene.CutsceneService, class com.almasb.fxgl.minigames.MiniGameService, class com.almasb.fxgl.net.NetService, class com.almasb.fxgl.app.services.UpdaterService, class com.almasb.fxgl.dev.DevService]
11:32:11.958 [FXGL Background Thread 3 ] DEBUG Engine               - fontGame: Abel-Regular.ttf
11:32:11.958 [FXGL Background Thread 3 ] DEBUG Engine               - fontMono: lucida_console.ttf
11:32:11.958 [FXGL Background Thread 3 ] DEBUG Engine               - fontText: Courier-Prime.ttf
11:32:11.958 [FXGL Background Thread 3 ] DEBUG Engine               - fontUI: VarelaRound-Regular.ttf
11:32:11.958 [FXGL Background Thread 3 ] DEBUG Engine               - fullScreen: BooleanProperty [value: false]
11:32:11.958 [FXGL Background Thread 3 ] DEBUG Engine               - gameDifficulty: MEDIUM
11:32:11.959 [FXGL Background Thread 3 ] DEBUG Engine               - gameDifficultyProperty: ObjectProperty [value: MEDIUM]
11:32:11.959 [FXGL Background Thread 3 ] DEBUG Engine               - globalMusicVolume: 0.5
11:32:11.959 [FXGL Background Thread 3 ] DEBUG Engine               - globalMusicVolumeProperty: DoubleProperty [value: 0.5]
11:32:11.959 [FXGL Background Thread 3 ] DEBUG Engine               - globalSoundVolume: 0.5
11:32:11.959 [FXGL Background Thread 3 ] DEBUG Engine               - globalSoundVolumeProperty: DoubleProperty [value: 0.5]
11:32:11.959 [FXGL Background Thread 3 ] DEBUG Engine               - height: 480
11:32:11.959 [FXGL Background Thread 3 ] DEBUG Engine               - isAndroid: false
11:32:11.960 [FXGL Background Thread 3 ] DEBUG Engine               - isBrowser: false
11:32:11.960 [FXGL Background Thread 3 ] DEBUG Engine               - isClickFeedbackEnabled: false
11:32:11.960 [FXGL Background Thread 3 ] DEBUG Engine               - isCloseConfirmation: false
11:32:11.960 [FXGL Background Thread 3 ] DEBUG Engine               - isDesktop: true
11:32:11.960 [FXGL Background Thread 3 ] DEBUG Engine               - isDeveloperMenuEnabled: false
11:32:11.960 [FXGL Background Thread 3 ] DEBUG Engine               - isEntityPreloadEnabled: true
11:32:11.960 [FXGL Background Thread 3 ] DEBUG Engine               - isExperimental3D: false
11:32:11.960 [FXGL Background Thread 3 ] DEBUG Engine               - isExperimentalNative: false
11:32:11.960 [FXGL Background Thread 3 ] DEBUG Engine               - isExperimentalTiledLargeMap: false
11:32:11.961 [FXGL Background Thread 3 ] DEBUG Engine               - isFileSystemWriteAllowed: true
11:32:11.961 [FXGL Background Thread 3 ] DEBUG Engine               - isFullScreenAllowed: false
11:32:11.961 [FXGL Background Thread 3 ] DEBUG Engine               - isFullScreenFromStart: false
11:32:11.961 [FXGL Background Thread 3 ] DEBUG Engine               - isGameMenuEnabled: true
11:32:11.961 [FXGL Background Thread 3 ] DEBUG Engine               - isIOS: false
11:32:11.961 [FXGL Background Thread 3 ] DEBUG Engine               - isIntroEnabled: false
11:32:11.961 [FXGL Background Thread 3 ] DEBUG Engine               - isLinux: false
11:32:11.961 [FXGL Background Thread 3 ] DEBUG Engine               - isMac: false
11:32:11.961 [FXGL Background Thread 3 ] DEBUG Engine               - isMainMenuEnabled: false
11:32:11.962 [FXGL Background Thread 3 ] DEBUG Engine               - isManualResizeEnabled: false
11:32:11.962 [FXGL Background Thread 3 ] DEBUG Engine               - isMobile: false
11:32:11.962 [FXGL Background Thread 3 ] DEBUG Engine               - isPreserveResizeRatio: false
11:32:11.962 [FXGL Background Thread 3 ] DEBUG Engine               - isProfilingEnabled: false
11:32:11.962 [FXGL Background Thread 3 ] DEBUG Engine               - isScaleAffectedOnResize: true
11:32:11.962 [FXGL Background Thread 3 ] DEBUG Engine               - isSingleStep: false
11:32:11.962 [FXGL Background Thread 3 ] DEBUG Engine               - isUserProfileEnabled: false
11:32:11.962 [FXGL Background Thread 3 ] DEBUG Engine               - isWindows: true
11:32:11.962 [FXGL Background Thread 3 ] DEBUG Engine               - language: ObjectProperty [value: ENGLISH]
11:32:11.963 [FXGL Background Thread 3 ] DEBUG Engine               - menuKey: ESCAPE
11:32:11.963 [FXGL Background Thread 3 ] DEBUG Engine               - notificationViewClass: class com.almasb.fxgl.notification.view.XboxNotificationView
11:32:11.963 [FXGL Background Thread 3 ] DEBUG Engine               - pixelsPerMeter: 50.0
11:32:11.963 [FXGL Background Thread 3 ] DEBUG Engine               - platform: WINDOWS
11:32:11.963 [FXGL Background Thread 3 ] DEBUG Engine               - prefHeightProperty: ReadOnlyDoubleProperty [value: 480.0]
11:32:11.963 [FXGL Background Thread 3 ] DEBUG Engine               - prefWidthProperty: ReadOnlyDoubleProperty [value: 640.0]
11:32:11.963 [FXGL Background Thread 3 ] DEBUG Engine               - profileDir: profiles/
11:32:11.963 [FXGL Background Thread 3 ] DEBUG Engine               - profileName: StringProperty [value: DEFAULT]
11:32:11.964 [FXGL Background Thread 3 ] DEBUG Engine               - randomSeed: -1
11:32:11.964 [FXGL Background Thread 3 ] DEBUG Engine               - runtimeInfo: RuntimeInfo(platform=WINDOWS, version=11.12, build=11.12.2020 08.51)
11:32:11.964 [FXGL Background Thread 3 ] DEBUG Engine               - saveFileExt: sav
11:32:11.964 [FXGL Background Thread 3 ] DEBUG Engine               - scaledHeightProp$fxgl: DoubleProperty [bound, value: 480.0]
11:32:11.964 [FXGL Background Thread 3 ] DEBUG Engine               - scaledWidthProp$fxgl: DoubleProperty [bound, value: 640.0]
11:32:11.964 [FXGL Background Thread 3 ] DEBUG Engine               - sceneFactory: com.almasb.fxgl.app.scene.SceneFactory@55e549d6
11:32:11.964 [FXGL Background Thread 3 ] DEBUG Engine               - secondsIn24h: 60
11:32:11.964 [FXGL Background Thread 3 ] DEBUG Engine               - soundMenuBack: menu/back.wav
11:32:11.965 [FXGL Background Thread 3 ] DEBUG Engine               - soundMenuPress: menu/press.wav
11:32:11.965 [FXGL Background Thread 3 ] DEBUG Engine               - soundMenuSelect: menu/select.wav
11:32:11.965 [FXGL Background Thread 3 ] DEBUG Engine               - soundNotification: core/notification.wav
11:32:11.965 [FXGL Background Thread 3 ] DEBUG Engine               - stageStyle: DECORATED
11:32:11.965 [FXGL Background Thread 3 ] DEBUG Engine               - supportedLanguages: [ENGLISH, FRENCH, GERMAN, HUNGARIAN, RUSSIAN]
11:32:11.965 [FXGL Background Thread 3 ] DEBUG Engine               - title: Sweet Saga Quest
11:32:11.965 [FXGL Background Thread 3 ] DEBUG Engine               - urlGithub: https://github.com/AlmasB/FXGL
11:32:11.965 [FXGL Background Thread 3 ] DEBUG Engine               - urlLeaderboard: http://fxgl-top.herokuapp.com/
11:32:11.965 [FXGL Background Thread 3 ] DEBUG Engine               - urlPOM: https://raw.githubusercontent.com/AlmasB/FXGL/master/README.md
11:32:11.965 [FXGL Background Thread 3 ] DEBUG Engine               - version: 1.0
11:32:11.966 [FXGL Background Thread 3 ] DEBUG Engine               - versionCheckDays: 7
11:32:11.966 [FXGL Background Thread 3 ] DEBUG Engine               - width: 640
11:32:11.966 [FXGL Background Thread 3 ] DEBUG Engine               - Logging services
11:32:11.966 [FXGL Background Thread 3 ] DEBUG Engine               - class com.almasb.fxgl.app.FXGLApplication$GameApplicationService
11:32:11.966 [FXGL Background Thread 3 ] DEBUG Engine               - class com.almasb.fxgl.app.services.FXGLDialogService
11:32:11.966 [FXGL Background Thread 3 ] DEBUG Engine               - class com.almasb.fxgl.app.services.IOTaskExecutorService
11:32:11.966 [FXGL Background Thread 3 ] DEBUG Engine               - class com.almasb.fxgl.event.EventBusService
11:32:11.966 [FXGL Background Thread 3 ] DEBUG Engine               - class com.almasb.fxgl.io.FileSystemService
11:32:11.966 [FXGL Background Thread 3 ] DEBUG Engine               - class com.almasb.fxgl.localization.LocalizationService
11:32:11.966 [FXGL Background Thread 3 ] DEBUG Engine               - class com.almasb.fxgl.app.services.FXGLAssetLoaderService
11:32:11.967 [FXGL Background Thread 3 ] DEBUG Engine               - class com.almasb.fxgl.app.services.SystemBundleService
11:32:11.967 [FXGL Background Thread 3 ] DEBUG Engine               - class com.almasb.fxgl.profile.SaveLoadService
11:32:11.967 [FXGL Background Thread 3 ] DEBUG Engine               - class com.almasb.fxgl.ui.FXGLUIFactoryServiceProvider
11:32:11.967 [FXGL Background Thread 3 ] DEBUG Engine               - class com.almasb.fxgl.ui.FXGLDialogFactoryServiceProvider
11:32:11.967 [FXGL Background Thread 3 ] DEBUG Engine               - class com.almasb.fxgl.audio.AudioPlayer
11:32:11.967 [FXGL Background Thread 3 ] DEBUG Engine               - class com.almasb.fxgl.notification.impl.NotificationServiceProvider
11:32:11.967 [FXGL Background Thread 3 ] DEBUG Engine               - class com.almasb.fxgl.achievement.AchievementService
11:32:11.967 [FXGL Background Thread 3 ] DEBUG Engine               - class com.almasb.fxgl.cutscene.CutsceneService
11:32:11.967 [FXGL Background Thread 3 ] DEBUG Engine               - class com.almasb.fxgl.minigames.MiniGameService
11:32:11.967 [FXGL Background Thread 3 ] DEBUG Engine               - class com.almasb.fxgl.net.NetService
11:32:11.967 [FXGL Background Thread 3 ] DEBUG Engine               - class com.almasb.fxgl.app.services.UpdaterService
11:32:11.968 [FXGL Background Thread 3 ] DEBUG Engine               - class com.almasb.fxgl.dev.DevService
11:32:17.285 [JavaFX Application Thread] DEBUG FXGLApplication      - Exiting FXGL
11:32:17.285 [JavaFX Application Thread] DEBUG LoopRunner           - Stopping loop
11:32:17.286 [JavaFX Application Thread] DEBUG SystemBundleService  - Saving FXGL system data
11:32:17.288 [JavaFX Application Thread] DEBUG FileSystemAccess     - Writing to: D:\Dev\SweetSagaQuest\system\fxgl.bundle
11:32:17.293 [JavaFX Application Thread] DEBUG Async                - Shutting down background threads
11:32:17.293 [JavaFX Application Thread] DEBUG MainWindow           - Closing main window
11:32:17.314 [JavaFX Application Thread] DEBUG Logger               - Closing Logger
