10:47:10.808 [main                     ] DEBUG Logger               - Configured Logger
10:47:10.808 [main                     ] DEBUG GameApplication      - Logging settings
Title: Sweet Saga Quest
Version: 1.0
Width: 640
Height: 480
Fullscreen: false
Intro: false
Profiling: false
Single step:false
App Mode: DEVELOPER
Menu Key: ESCAPE
Stage Style: DECORATED
Scene Factory: class com.almasb.fxgl.app.scene.SceneFactory

10:47:11.323 [JavaFX Application Thread] DEBUG FXGLApplication      - Initializing FXGL
10:47:11.326 [JavaFX Application Thread] INFO  Engine               - FXGL-11.12 (11.12.2020 08.51) on WINDOWS (J:17.0.9 FX:15)
10:47:11.327 [JavaFX Application Thread] DEBUG Engine               - JRE Vendor Name: Oracle Corporation
10:47:11.328 [JavaFX Application Thread] DEBUG Engine               - Running on OS: Windows 11 version 10.0
10:47:11.328 [JavaFX Application Thread] DEBUG Engine               - Architecture: amd64
10:47:11.328 [JavaFX Application Thread] INFO  Engine               - Source code and latest versions at: https://github.com/AlmasB/FXGL
10:47:11.329 [JavaFX Application Thread] INFO  Engine               -              Join the FXGL chat at: https://gitter.im/AlmasB/FXGL
10:47:11.571 [JavaFX Application Thread] DEBUG MainWindow           - Creating a JavaFX scene
10:47:11.657 [JavaFX Application Thread] DEBUG MainWindow           - Target settings size: 640.0 x 480.0
10:47:11.657 [JavaFX Application Thread] DEBUG MainWindow           - Scaled scene size:    640.0 x 480.0
10:47:11.658 [JavaFX Application Thread] DEBUG MainWindow           - Scaled ratio: (1.0, 1.0)
10:47:11.660 [JavaFX Application Thread] DEBUG MainWindow           - Set initial scene to StartupScene
10:47:11.673 [JavaFX Application Thread] DEBUG MainWindow           - Opening main window
10:47:11.800 [JavaFX Application Thread] DEBUG MainWindow           - Window border size: (14.4000244140625, 37.5999755859375)
10:47:11.800 [JavaFX Application Thread] DEBUG MainWindow           - Scaled size: 640.0 x 480.0
10:47:11.801 [JavaFX Application Thread] DEBUG MainWindow           - Scaled ratio: (1.0, 1.0)
10:47:11.801 [JavaFX Application Thread] DEBUG MainWindow           - Scene size: 640.0 x 480.0
10:47:11.801 [JavaFX Application Thread] DEBUG MainWindow           - Stage size: 654.4000244140625 x 517.5999755859375
10:47:11.817 [FXGL Background Thread 1 ] DEBUG Engine               - Initializing environment variables
10:47:11.875 [FXGL Background Thread 1 ] DEBUG GameApplicationServi - Applying CSS: fxgl_dark.css
10:47:11.876 [FXGL Background Thread 1 ] DEBUG FXGLAssetLoaderServi - Loading from file system: /assets/ui/css/fxgl_dark.css
10:47:11.960 [FXGL Background Thread 1 ] DEBUG GameApplicationServi - Initializing application scenes
10:47:12.029 [FXGL Background Thread 1 ] DEBUG GameWorld            - Game world initialized
10:47:12.168 [FXGL Background Thread 1 ] DEBUG PhysicsWorld         - Physics world initialized: appHeight=480, physics.ppm=50.0
10:47:12.172 [FXGL Background Thread 1 ] DEBUG GameScene            - Game scene initialized: 640x480
10:47:12.234 [FXGL Background Thread 1 ] DEBUG FXGLAssetLoaderServi - Loading from file system: /assets/textures/particles/trace_horizontal.png
10:47:12.317 [FXGL Background Thread 1 ] WARN  FXGL.DefaultMenu     - FXGLDefaultMenu is not designed for resolutions < 800x600
10:47:12.317 [FXGL Background Thread 1 ] DEBUG FXGL.DefaultMenu     - createMenuBodyGameMenu()
10:47:12.342 [FXGL Background Thread 1 ] DEBUG FXGL.DefaultMenu     - createOptionsMenu()
10:47:12.353 [FXGL Background Thread 1 ] DEBUG FXGLAssetLoaderServi - Loading from file system: /assets/textures/particles/smoke.png
10:47:12.498 [FXGL Background Thread 1 ] DEBUG GameApplicationServi - Application scenes initialized
10:47:12.534 [FXGL Background Thread 1 ] DEBUG SystemBundleService  - Loading FXGL system data
10:47:12.549 [FXGL Background Thread 1 ] DEBUG FileSystemAccess     - Reading from: D:\Dev\SweetSagaQuest\system\fxgl.bundle
10:47:12.565 [FXGL Background Thread 1 ] DEBUG SystemBundleService  - Bundle FXGL: {}
10:47:12.565 [FXGL Background Thread 1 ] DEBUG UpdaterService       - Checking for updates
10:47:12.574 [FXGL Background Thread 4 ] DEBUG FXGLApplication      - Loading fonts
10:47:12.574 [FXGL Background Thread 1 ] DEBUG FXGLApplication      - Loading default localization
10:47:12.575 [FXGL Background Thread 4 ] DEBUG FXGLAssetLoaderServi - Loading from file system: /assets/ui/fonts/VarelaRound-Regular.ttf
10:47:12.575 [FXGL Background Thread 1 ] DEBUG FXGLAssetLoaderServi - Loading from file system: /assets/languages/english.lang
10:47:12.613 [FXGL Background Thread 1 ] INFO  FXGLApplication      - FXGL initialization took: 0.795 sec
10:47:12.615 [JavaFX Application Thread] DEBUG FXGLAssetLoaderServi - Loading from file system: /assets/textures/fxgl_icon.png
10:47:12.644 [JavaFX Application Thread] DEBUG FXGLAssetLoaderServi - Loading from file system: /assets/ui/cursors/fxgl_default.png
10:47:12.667 [JavaFX Application Thread] DEBUG Input                - Registered new binding: Screenshot - P
10:47:12.668 [JavaFX Application Thread] DEBUG Input                - Registered new binding: System info dump - CTRL+9
10:47:12.668 [JavaFX Application Thread] DEBUG Input                - Registered new binding: Restart - CTRL+R
10:47:12.671 [JavaFX Application Thread] DEBUG Input                - Registered new binding: Toggle Debug Camera - CTRL+C
10:47:12.676 [JavaFX Application Thread] DEBUG LoopRunner           - Starting loop
10:47:12.680 [JavaFX Application Thread] DEBUG GameApplicationServi - Starting new game
10:47:12.681 [JavaFX Application Thread] DEBUG Input                - Clearing active input actions
10:47:12.684 [FXGL Background Thread 4 ] DEBUG FXGLAssetLoaderServi - Loading from file system: /assets/ui/fonts/Abel-Regular.ttf
10:47:12.691 [FXGL Background Thread 4 ] DEBUG FXGLAssetLoaderServi - Loading from file system: /assets/ui/fonts/lucida_console.ttf
10:47:12.699 [JavaFX Application Thread] DEBUG GameApplicationServi - Removing overlay from StartupScene and adding to FXGLLoadingScene
10:47:12.700 [JavaFX Application Thread] DEBUG MainWindow           - StartupScene -> FXGLLoadingScene
10:47:12.700 [JavaFX Application Thread] DEBUG GameApplicationServi - Clearing previous game
10:47:12.700 [JavaFX Application Thread] DEBUG GameScene            - Clearing game scene
10:47:12.700 [JavaFX Application Thread] DEBUG GameWorld            - Clearing game world
10:47:12.700 [JavaFX Application Thread] DEBUG PhysicsWorld         - Clearing physics world
10:47:12.703 [FXGL Background Thread 4 ] DEBUG FXGLAssetLoaderServi - Loading from file system: /assets/ui/fonts/Courier-Prime.ttf
10:47:12.704 [FXGL Background Thread 1 ] DEBUG FXGLApplication      - Initializing game
10:47:12.710 [FXGL Background Thread 1 ] DEBUG FXGLAssetLoaderServi - Loading from file system: /assets/textures/red.png
10:47:12.755 [FXGL Background Thread 1 ] DEBUG FXGLAssetLoaderServi - Loading from file system: /assets/textures/orange.png
10:47:12.758 [FXGL Background Thread 1 ] DEBUG FXGLAssetLoaderServi - Loading from cache: /assets/textures/orange.png
10:47:12.760 [FXGL Background Thread 1 ] DEBUG FXGLAssetLoaderServi - Loading from file system: /assets/textures/green.png
10:47:12.764 [FXGL Background Thread 1 ] DEBUG FXGLAssetLoaderServi - Loading from cache: /assets/textures/red.png
10:47:12.766 [FXGL Background Thread 1 ] DEBUG FXGLAssetLoaderServi - Loading from cache: /assets/textures/green.png
10:47:12.767 [FXGL Background Thread 1 ] DEBUG FXGLAssetLoaderServi - Loading from file system: /assets/textures/purple.png
10:47:12.771 [FXGL Background Thread 1 ] DEBUG FXGLAssetLoaderServi - Loading from cache: /assets/textures/purple.png
10:47:12.772 [FXGL Background Thread 1 ] DEBUG FXGLAssetLoaderServi - Loading from cache: /assets/textures/red.png
10:47:12.773 [FXGL Background Thread 1 ] DEBUG FXGLAssetLoaderServi - Loading from cache: /assets/textures/red.png
10:47:12.773 [FXGL Background Thread 1 ] DEBUG FXGLAssetLoaderServi - Loading from file system: /assets/textures/blue.png
10:47:12.776 [FXGL Background Thread 1 ] DEBUG FXGLAssetLoaderServi - Loading from cache: /assets/textures/orange.png
10:47:12.777 [FXGL Background Thread 1 ] DEBUG FXGLAssetLoaderServi - Loading from cache: /assets/textures/red.png
10:47:12.778 [FXGL Background Thread 1 ] DEBUG FXGLAssetLoaderServi - Loading from cache: /assets/textures/blue.png
10:47:12.780 [FXGL Background Thread 1 ] DEBUG FXGLAssetLoaderServi - Loading from cache: /assets/textures/purple.png
10:47:12.782 [FXGL Background Thread 1 ] DEBUG FXGLAssetLoaderServi - Loading from cache: /assets/textures/purple.png
10:47:12.783 [FXGL Background Thread 1 ] DEBUG FXGLAssetLoaderServi - Loading from cache: /assets/textures/green.png
10:47:12.784 [FXGL Background Thread 1 ] DEBUG FXGLAssetLoaderServi - Loading from cache: /assets/textures/purple.png
10:47:12.785 [FXGL Background Thread 1 ] DEBUG FXGLAssetLoaderServi - Loading from cache: /assets/textures/orange.png
10:47:12.786 [FXGL Background Thread 1 ] DEBUG FXGLAssetLoaderServi - Loading from file system: /assets/textures/yellow.png
10:47:12.789 [FXGL Background Thread 1 ] DEBUG FXGLAssetLoaderServi - Loading from cache: /assets/textures/yellow.png
10:47:12.790 [FXGL Background Thread 1 ] DEBUG FXGLAssetLoaderServi - Loading from cache: /assets/textures/yellow.png
10:47:12.790 [FXGL Background Thread 1 ] DEBUG FXGLAssetLoaderServi - Loading from cache: /assets/textures/blue.png
10:47:12.791 [FXGL Background Thread 1 ] DEBUG FXGLAssetLoaderServi - Loading from cache: /assets/textures/orange.png
10:47:12.792 [FXGL Background Thread 1 ] DEBUG FXGLAssetLoaderServi - Loading from cache: /assets/textures/orange.png
10:47:12.793 [JavaFX Application Thread] DEBUG FXGLApplication      - Registering font factories with UI factory
10:47:12.793 [FXGL Background Thread 1 ] DEBUG FXGLAssetLoaderServi - Loading from cache: /assets/textures/blue.png
10:47:12.795 [FXGL Background Thread 1 ] DEBUG FXGLAssetLoaderServi - Loading from cache: /assets/textures/orange.png
10:47:12.798 [FXGL Background Thread 1 ] DEBUG FXGLAssetLoaderServi - Loading from cache: /assets/textures/green.png
10:47:12.800 [FXGL Background Thread 1 ] DEBUG FXGLAssetLoaderServi - Loading from cache: /assets/textures/orange.png
10:47:12.801 [FXGL Background Thread 1 ] DEBUG FXGLAssetLoaderServi - Loading from cache: /assets/textures/blue.png
10:47:12.802 [FXGL Background Thread 1 ] DEBUG FXGLAssetLoaderServi - Loading from cache: /assets/textures/red.png
10:47:12.803 [FXGL Background Thread 1 ] DEBUG FXGLAssetLoaderServi - Loading from cache: /assets/textures/purple.png
10:47:12.804 [FXGL Background Thread 1 ] DEBUG FXGLAssetLoaderServi - Loading from cache: /assets/textures/purple.png
10:47:12.805 [FXGL Background Thread 1 ] DEBUG FXGLAssetLoaderServi - Loading from cache: /assets/textures/red.png
10:47:12.806 [FXGL Background Thread 1 ] DEBUG FXGLAssetLoaderServi - Loading from cache: /assets/textures/purple.png
10:47:12.807 [FXGL Background Thread 1 ] DEBUG FXGLAssetLoaderServi - Loading from cache: /assets/textures/orange.png
10:47:12.814 [FXGL Background Thread 1 ] INFO  FXGLApplication      - Game initialization took: 0.110 sec
10:47:12.934 [JavaFX Application Thread] DEBUG Input                - Clearing active input actions
10:47:12.956 [JavaFX Application Thread] DEBUG GameApplicationServi - Removing overlay from FXGLLoadingScene and adding to GameScene
10:47:12.956 [JavaFX Application Thread] DEBUG MainWindow           - FXGLLoadingScene -> GameScene
10:47:13.423 [FXGL Background Thread 2 ] INFO  UpdaterService       - Your current version:  11.12
10:47:13.423 [FXGL Background Thread 2 ] INFO  UpdaterService       - Latest stable version: 21.1
10:47:15.570 [FXGL Background Thread 3 ] DEBUG Engine               - Logging environment variables
10:47:15.571 [FXGL Background Thread 3 ] DEBUG Engine               - achievements: []
10:47:15.572 [FXGL Background Thread 3 ] DEBUG Engine               - actualHeight: 480.0
10:47:15.572 [FXGL Background Thread 3 ] DEBUG Engine               - actualHeightProperty: ReadOnlyDoubleProperty [value: 480.0]
10:47:15.572 [FXGL Background Thread 3 ] DEBUG Engine               - actualWidth: 640.0
10:47:15.573 [FXGL Background Thread 3 ] DEBUG Engine               - actualWidthProperty: ReadOnlyDoubleProperty [value: 640.0]
10:47:15.573 [FXGL Background Thread 3 ] DEBUG Engine               - appIcon: fxgl_icon.png
10:47:15.573 [FXGL Background Thread 3 ] DEBUG Engine               - applicationMode: DEVELOPER
10:47:15.573 [FXGL Background Thread 3 ] DEBUG Engine               - cSSList: [fxgl_dark.css]
10:47:15.573 [FXGL Background Thread 3 ] DEBUG Engine               - configClass: Optional.empty
10:47:15.573 [FXGL Background Thread 3 ] DEBUG Engine               - credits: []
10:47:15.574 [FXGL Background Thread 3 ] DEBUG Engine               - devBBoxColorProperty: ObjectProperty [value: 0xff0000ff]
10:47:15.574 [FXGL Background Thread 3 ] DEBUG Engine               - devEnableDebugCameraProperty: BooleanProperty [value: false]
10:47:15.574 [FXGL Background Thread 3 ] DEBUG Engine               - devSensorColorProperty: ObjectProperty [value: 0xffff00ff]
10:47:15.575 [FXGL Background Thread 3 ] DEBUG Engine               - devShowBBoxProperty: BooleanProperty [value: false]
10:47:15.575 [FXGL Background Thread 3 ] DEBUG Engine               - devShowPositionProperty: BooleanProperty [value: false]
10:47:15.575 [FXGL Background Thread 3 ] DEBUG Engine               - enabledMenuItems: []
10:47:15.575 [FXGL Background Thread 3 ] DEBUG Engine               - engineServices: [class com.almasb.fxgl.app.FXGLApplication$GameApplicationService, class com.almasb.fxgl.app.services.FXGLDialogService, class com.almasb.fxgl.app.services.IOTaskExecutorService, class com.almasb.fxgl.event.EventBusService, class com.almasb.fxgl.io.FileSystemService, class com.almasb.fxgl.localization.LocalizationService, class com.almasb.fxgl.app.services.FXGLAssetLoaderService, class com.almasb.fxgl.app.services.SystemBundleService, class com.almasb.fxgl.profile.SaveLoadService, class com.almasb.fxgl.ui.FXGLUIFactoryServiceProvider, class com.almasb.fxgl.ui.FXGLDialogFactoryServiceProvider, class com.almasb.fxgl.audio.AudioPlayer, class com.almasb.fxgl.notification.impl.NotificationServiceProvider, class com.almasb.fxgl.achievement.AchievementService, class com.almasb.fxgl.cutscene.CutsceneService, class com.almasb.fxgl.minigames.MiniGameService, class com.almasb.fxgl.net.NetService, class com.almasb.fxgl.app.services.UpdaterService, class com.almasb.fxgl.dev.DevService]
10:47:15.575 [FXGL Background Thread 3 ] DEBUG Engine               - fontGame: Abel-Regular.ttf
10:47:15.575 [FXGL Background Thread 3 ] DEBUG Engine               - fontMono: lucida_console.ttf
10:47:15.576 [FXGL Background Thread 3 ] DEBUG Engine               - fontText: Courier-Prime.ttf
10:47:15.576 [FXGL Background Thread 3 ] DEBUG Engine               - fontUI: VarelaRound-Regular.ttf
10:47:15.576 [FXGL Background Thread 3 ] DEBUG Engine               - fullScreen: BooleanProperty [value: false]
10:47:15.576 [FXGL Background Thread 3 ] DEBUG Engine               - gameDifficulty: MEDIUM
10:47:15.577 [FXGL Background Thread 3 ] DEBUG Engine               - gameDifficultyProperty: ObjectProperty [value: MEDIUM]
10:47:15.577 [FXGL Background Thread 3 ] DEBUG Engine               - globalMusicVolume: 0.5
10:47:15.577 [FXGL Background Thread 3 ] DEBUG Engine               - globalMusicVolumeProperty: DoubleProperty [value: 0.5]
10:47:15.577 [FXGL Background Thread 3 ] DEBUG Engine               - globalSoundVolume: 0.5
10:47:15.577 [FXGL Background Thread 3 ] DEBUG Engine               - globalSoundVolumeProperty: DoubleProperty [value: 0.5]
10:47:15.577 [FXGL Background Thread 3 ] DEBUG Engine               - height: 480
10:47:15.578 [FXGL Background Thread 3 ] DEBUG Engine               - isAndroid: false
10:47:15.578 [FXGL Background Thread 3 ] DEBUG Engine               - isBrowser: false
10:47:15.578 [FXGL Background Thread 3 ] DEBUG Engine               - isClickFeedbackEnabled: false
10:47:15.578 [FXGL Background Thread 3 ] DEBUG Engine               - isCloseConfirmation: false
10:47:15.578 [FXGL Background Thread 3 ] DEBUG Engine               - isDesktop: true
10:47:15.578 [FXGL Background Thread 3 ] DEBUG Engine               - isDeveloperMenuEnabled: false
10:47:15.578 [FXGL Background Thread 3 ] DEBUG Engine               - isEntityPreloadEnabled: true
10:47:15.579 [FXGL Background Thread 3 ] DEBUG Engine               - isExperimental3D: false
10:47:15.579 [FXGL Background Thread 3 ] DEBUG Engine               - isExperimentalNative: false
10:47:15.579 [FXGL Background Thread 3 ] DEBUG Engine               - isExperimentalTiledLargeMap: false
10:47:15.579 [FXGL Background Thread 3 ] DEBUG Engine               - isFileSystemWriteAllowed: true
10:47:15.579 [FXGL Background Thread 3 ] DEBUG Engine               - isFullScreenAllowed: false
10:47:15.579 [FXGL Background Thread 3 ] DEBUG Engine               - isFullScreenFromStart: false
10:47:15.579 [FXGL Background Thread 3 ] DEBUG Engine               - isGameMenuEnabled: true
10:47:15.579 [FXGL Background Thread 3 ] DEBUG Engine               - isIOS: false
10:47:15.580 [FXGL Background Thread 3 ] DEBUG Engine               - isIntroEnabled: false
10:47:15.580 [FXGL Background Thread 3 ] DEBUG Engine               - isLinux: false
10:47:15.580 [FXGL Background Thread 3 ] DEBUG Engine               - isMac: false
10:47:15.580 [FXGL Background Thread 3 ] DEBUG Engine               - isMainMenuEnabled: false
10:47:15.580 [FXGL Background Thread 3 ] DEBUG Engine               - isManualResizeEnabled: false
10:47:15.580 [FXGL Background Thread 3 ] DEBUG Engine               - isMobile: false
10:47:15.580 [FXGL Background Thread 3 ] DEBUG Engine               - isPreserveResizeRatio: false
10:47:15.580 [FXGL Background Thread 3 ] DEBUG Engine               - isProfilingEnabled: false
10:47:15.580 [FXGL Background Thread 3 ] DEBUG Engine               - isScaleAffectedOnResize: true
10:47:15.581 [FXGL Background Thread 3 ] DEBUG Engine               - isSingleStep: false
10:47:15.581 [FXGL Background Thread 3 ] DEBUG Engine               - isUserProfileEnabled: false
10:47:15.581 [FXGL Background Thread 3 ] DEBUG Engine               - isWindows: true
10:47:15.581 [FXGL Background Thread 3 ] DEBUG Engine               - language: ObjectProperty [value: ENGLISH]
10:47:15.581 [FXGL Background Thread 3 ] DEBUG Engine               - menuKey: ESCAPE
10:47:15.581 [FXGL Background Thread 3 ] DEBUG Engine               - notificationViewClass: class com.almasb.fxgl.notification.view.XboxNotificationView
10:47:15.581 [FXGL Background Thread 3 ] DEBUG Engine               - pixelsPerMeter: 50.0
10:47:15.581 [FXGL Background Thread 3 ] DEBUG Engine               - platform: WINDOWS
10:47:15.581 [FXGL Background Thread 3 ] DEBUG Engine               - prefHeightProperty: ReadOnlyDoubleProperty [value: 480.0]
10:47:15.582 [FXGL Background Thread 3 ] DEBUG Engine               - prefWidthProperty: ReadOnlyDoubleProperty [value: 640.0]
10:47:15.582 [FXGL Background Thread 3 ] DEBUG Engine               - profileDir: profiles/
10:47:15.582 [FXGL Background Thread 3 ] DEBUG Engine               - profileName: StringProperty [value: DEFAULT]
10:47:15.582 [FXGL Background Thread 3 ] DEBUG Engine               - randomSeed: -1
10:47:15.582 [FXGL Background Thread 3 ] DEBUG Engine               - runtimeInfo: RuntimeInfo(platform=WINDOWS, version=11.12, build=11.12.2020 08.51)
10:47:15.582 [FXGL Background Thread 3 ] DEBUG Engine               - saveFileExt: sav
10:47:15.583 [FXGL Background Thread 3 ] DEBUG Engine               - scaledHeightProp$fxgl: DoubleProperty [bound, value: 480.0]
10:47:15.583 [FXGL Background Thread 3 ] DEBUG Engine               - scaledWidthProp$fxgl: DoubleProperty [bound, value: 640.0]
10:47:15.583 [FXGL Background Thread 3 ] DEBUG Engine               - sceneFactory: com.almasb.fxgl.app.scene.SceneFactory@5dd73fc6
10:47:15.583 [FXGL Background Thread 3 ] DEBUG Engine               - secondsIn24h: 60
10:47:15.583 [FXGL Background Thread 3 ] DEBUG Engine               - soundMenuBack: menu/back.wav
10:47:15.583 [FXGL Background Thread 3 ] DEBUG Engine               - soundMenuPress: menu/press.wav
10:47:15.583 [FXGL Background Thread 3 ] DEBUG Engine               - soundMenuSelect: menu/select.wav
10:47:15.583 [FXGL Background Thread 3 ] DEBUG Engine               - soundNotification: core/notification.wav
10:47:15.583 [FXGL Background Thread 3 ] DEBUG Engine               - stageStyle: DECORATED
10:47:15.583 [FXGL Background Thread 3 ] DEBUG Engine               - supportedLanguages: [ENGLISH, FRENCH, GERMAN, HUNGARIAN, RUSSIAN]
10:47:15.584 [FXGL Background Thread 3 ] DEBUG Engine               - title: Sweet Saga Quest
10:47:15.584 [FXGL Background Thread 3 ] DEBUG Engine               - urlGithub: https://github.com/AlmasB/FXGL
10:47:15.584 [FXGL Background Thread 3 ] DEBUG Engine               - urlLeaderboard: http://fxgl-top.herokuapp.com/
10:47:15.584 [FXGL Background Thread 3 ] DEBUG Engine               - urlPOM: https://raw.githubusercontent.com/AlmasB/FXGL/master/README.md
10:47:15.584 [FXGL Background Thread 3 ] DEBUG Engine               - version: 1.0
10:47:15.584 [FXGL Background Thread 3 ] DEBUG Engine               - versionCheckDays: 7
10:47:15.584 [FXGL Background Thread 3 ] DEBUG Engine               - width: 640
10:47:15.584 [FXGL Background Thread 3 ] DEBUG Engine               - Logging services
10:47:15.584 [FXGL Background Thread 3 ] DEBUG Engine               - class com.almasb.fxgl.app.FXGLApplication$GameApplicationService
10:47:15.584 [FXGL Background Thread 3 ] DEBUG Engine               - class com.almasb.fxgl.app.services.FXGLDialogService
10:47:15.585 [FXGL Background Thread 3 ] DEBUG Engine               - class com.almasb.fxgl.app.services.IOTaskExecutorService
10:47:15.585 [FXGL Background Thread 3 ] DEBUG Engine               - class com.almasb.fxgl.event.EventBusService
10:47:15.585 [FXGL Background Thread 3 ] DEBUG Engine               - class com.almasb.fxgl.io.FileSystemService
10:47:15.585 [FXGL Background Thread 3 ] DEBUG Engine               - class com.almasb.fxgl.localization.LocalizationService
10:47:15.585 [FXGL Background Thread 3 ] DEBUG Engine               - class com.almasb.fxgl.app.services.FXGLAssetLoaderService
10:47:15.585 [FXGL Background Thread 3 ] DEBUG Engine               - class com.almasb.fxgl.app.services.SystemBundleService
10:47:15.585 [FXGL Background Thread 3 ] DEBUG Engine               - class com.almasb.fxgl.profile.SaveLoadService
10:47:15.585 [FXGL Background Thread 3 ] DEBUG Engine               - class com.almasb.fxgl.ui.FXGLUIFactoryServiceProvider
10:47:15.585 [FXGL Background Thread 3 ] DEBUG Engine               - class com.almasb.fxgl.ui.FXGLDialogFactoryServiceProvider
10:47:15.585 [FXGL Background Thread 3 ] DEBUG Engine               - class com.almasb.fxgl.audio.AudioPlayer
10:47:15.585 [FXGL Background Thread 3 ] DEBUG Engine               - class com.almasb.fxgl.notification.impl.NotificationServiceProvider
10:47:15.585 [FXGL Background Thread 3 ] DEBUG Engine               - class com.almasb.fxgl.achievement.AchievementService
10:47:15.586 [FXGL Background Thread 3 ] DEBUG Engine               - class com.almasb.fxgl.cutscene.CutsceneService
10:47:15.586 [FXGL Background Thread 3 ] DEBUG Engine               - class com.almasb.fxgl.minigames.MiniGameService
10:47:15.586 [FXGL Background Thread 3 ] DEBUG Engine               - class com.almasb.fxgl.net.NetService
10:47:15.586 [FXGL Background Thread 3 ] DEBUG Engine               - class com.almasb.fxgl.app.services.UpdaterService
10:47:15.586 [FXGL Background Thread 3 ] DEBUG Engine               - class com.almasb.fxgl.dev.DevService
10:47:20.317 [JavaFX Application Thread] DEBUG FXGLApplication      - Exiting FXGL
10:47:20.318 [JavaFX Application Thread] DEBUG LoopRunner           - Stopping loop
10:47:20.318 [JavaFX Application Thread] DEBUG SystemBundleService  - Saving FXGL system data
10:47:20.320 [JavaFX Application Thread] DEBUG FileSystemAccess     - Writing to: D:\Dev\SweetSagaQuest\system\fxgl.bundle
10:47:20.323 [JavaFX Application Thread] DEBUG Async                - Shutting down background threads
10:47:20.323 [JavaFX Application Thread] DEBUG MainWindow           - Closing main window
10:47:20.339 [JavaFX Application Thread] DEBUG Logger               - Closing Logger
