21:48:16.228 [main                     ] DEBUG Logger               - Configured Logger
21:48:16.231 [main                     ] DEBUG GameApplication      - Logging settings
Title: Sweet Saga Quest
Version: 1.0
Width: 640
Height: 480
Fullscreen: false
Intro: false
Profiling: false
Single step:false
App Mode: DEVELOPER
Menu Key: ESCAPE
Stage Style: DECORATED
Scene Factory: class com.almasb.fxgl.app.scene.SceneFactory

21:48:16.559 [JavaFX Application Thread] DEBUG FXGLApplication      - Initializing FXGL
21:48:16.560 [JavaFX Application Thread] INFO  Engine               - FXGL-11.12 (11.12.2020 08.51) on WINDOWS (J:17.0.9 FX:15)
21:48:16.560 [JavaFX Application Thread] DEBUG Engine               - JRE Vendor Name: Oracle Corporation
21:48:16.560 [JavaFX Application Thread] DEBUG Engine               - Running on OS: Windows 11 version 10.0
21:48:16.561 [JavaFX Application Thread] DEBUG Engine               - Architecture: amd64
21:48:16.561 [JavaFX Application Thread] INFO  Engine               - Source code and latest versions at: https://github.com/AlmasB/FXGL
21:48:16.561 [JavaFX Application Thread] INFO  Engine               -              Join the FXGL chat at: https://gitter.im/AlmasB/FXGL
21:48:16.632 [JavaFX Application Thread] DEBUG MainWindow           - Creating a JavaFX scene
21:48:16.663 [JavaFX Application Thread] DEBUG MainWindow           - Target settings size: 640.0 x 480.0
21:48:16.663 [JavaFX Application Thread] DEBUG MainWindow           - Scaled scene size:    640.0 x 480.0
21:48:16.663 [JavaFX Application Thread] DEBUG MainWindow           - Scaled ratio: (1.0, 1.0)
21:48:16.664 [JavaFX Application Thread] DEBUG MainWindow           - Set initial scene to StartupScene
21:48:16.670 [JavaFX Application Thread] DEBUG MainWindow           - Opening main window
21:48:16.734 [JavaFX Application Thread] DEBUG MainWindow           - Window border size: (14.4000244140625, 37.5999755859375)
21:48:16.734 [JavaFX Application Thread] DEBUG MainWindow           - Scaled size: 640.0 x 480.0
21:48:16.734 [JavaFX Application Thread] DEBUG MainWindow           - Scaled ratio: (1.0, 1.0)
21:48:16.734 [JavaFX Application Thread] DEBUG MainWindow           - Scene size: 640.0 x 480.0
21:48:16.734 [JavaFX Application Thread] DEBUG MainWindow           - Stage size: 654.4000244140625 x 517.5999755859375
21:48:16.740 [FXGL Background Thread 1 ] DEBUG Engine               - Initializing environment variables
21:48:16.765 [FXGL Background Thread 1 ] DEBUG GameApplicationServi - Applying CSS: fxgl_dark.css
21:48:16.765 [FXGL Background Thread 1 ] DEBUG FXGLAssetLoaderServi - Loading from file system: /assets/ui/css/fxgl_dark.css
21:48:16.804 [FXGL Background Thread 1 ] DEBUG GameApplicationServi - Initializing application scenes
21:48:16.834 [FXGL Background Thread 1 ] DEBUG GameWorld            - Game world initialized
21:48:16.890 [FXGL Background Thread 1 ] DEBUG PhysicsWorld         - Physics world initialized: appHeight=480, physics.ppm=50.0
21:48:16.892 [FXGL Background Thread 1 ] DEBUG GameScene            - Game scene initialized: 640x480
21:48:16.918 [FXGL Background Thread 1 ] DEBUG FXGLAssetLoaderServi - Loading from file system: /assets/textures/particles/trace_horizontal.png
21:48:16.950 [FXGL Background Thread 1 ] WARN  FXGL.DefaultMenu     - FXGLDefaultMenu is not designed for resolutions < 800x600
21:48:16.950 [FXGL Background Thread 1 ] DEBUG FXGL.DefaultMenu     - createMenuBodyGameMenu()
21:48:16.959 [FXGL Background Thread 1 ] DEBUG FXGL.DefaultMenu     - createOptionsMenu()
21:48:16.963 [FXGL Background Thread 1 ] DEBUG FXGLAssetLoaderServi - Loading from file system: /assets/textures/particles/smoke.png
21:48:17.001 [FXGL Background Thread 1 ] DEBUG GameApplicationServi - Application scenes initialized
21:48:17.012 [FXGL Background Thread 1 ] DEBUG SystemBundleService  - Loading FXGL system data
21:48:17.018 [FXGL Background Thread 1 ] DEBUG FileSystemAccess     - Reading from: D:\Dev\SweetSagaQuest\system\fxgl.bundle
21:48:17.025 [FXGL Background Thread 1 ] DEBUG SystemBundleService  - Bundle FXGL: {}
21:48:17.025 [FXGL Background Thread 1 ] DEBUG UpdaterService       - Checking for updates
21:48:17.029 [FXGL Background Thread 4 ] DEBUG FXGLApplication      - Loading fonts
21:48:17.029 [FXGL Background Thread 4 ] DEBUG FXGLAssetLoaderServi - Loading from file system: /assets/ui/fonts/VarelaRound-Regular.ttf
21:48:17.029 [FXGL Background Thread 1 ] DEBUG FXGLApplication      - Loading default localization
21:48:17.029 [FXGL Background Thread 1 ] DEBUG FXGLAssetLoaderServi - Loading from file system: /assets/languages/english.lang
21:48:17.047 [FXGL Background Thread 1 ] INFO  FXGLApplication      - FXGL initialization took: 0.307 sec
21:48:17.048 [JavaFX Application Thread] DEBUG FXGLAssetLoaderServi - Loading from file system: /assets/textures/fxgl_icon.png
21:48:17.063 [JavaFX Application Thread] DEBUG FXGLAssetLoaderServi - Loading from file system: /assets/ui/cursors/fxgl_default.png
21:48:17.079 [JavaFX Application Thread] DEBUG Input                - Registered new binding: Screenshot - P
21:48:17.080 [JavaFX Application Thread] DEBUG Input                - Registered new binding: System info dump - CTRL+9
21:48:17.080 [JavaFX Application Thread] DEBUG Input                - Registered new binding: Restart - CTRL+R
21:48:17.081 [JavaFX Application Thread] DEBUG Input                - Registered new binding: Toggle Debug Camera - CTRL+C
21:48:17.085 [JavaFX Application Thread] DEBUG LoopRunner           - Starting loop
21:48:17.086 [JavaFX Application Thread] DEBUG GameApplicationServi - Starting new game
21:48:17.086 [JavaFX Application Thread] DEBUG Input                - Clearing active input actions
21:48:17.091 [FXGL Background Thread 4 ] DEBUG FXGLAssetLoaderServi - Loading from file system: /assets/ui/fonts/Abel-Regular.ttf
21:48:17.096 [FXGL Background Thread 4 ] DEBUG FXGLAssetLoaderServi - Loading from file system: /assets/ui/fonts/lucida_console.ttf
21:48:17.098 [JavaFX Application Thread] DEBUG GameApplicationServi - Removing overlay from StartupScene and adding to FXGLLoadingScene
21:48:17.098 [JavaFX Application Thread] DEBUG MainWindow           - StartupScene -> FXGLLoadingScene
21:48:17.098 [JavaFX Application Thread] DEBUG GameApplicationServi - Clearing previous game
21:48:17.098 [JavaFX Application Thread] DEBUG GameScene            - Clearing game scene
21:48:17.099 [JavaFX Application Thread] DEBUG GameWorld            - Clearing game world
21:48:17.099 [JavaFX Application Thread] DEBUG PhysicsWorld         - Clearing physics world
21:48:17.100 [FXGL Background Thread 1 ] DEBUG FXGLApplication      - Initializing game
21:48:17.100 [FXGL Background Thread 4 ] DEBUG FXGLAssetLoaderServi - Loading from file system: /assets/ui/fonts/Courier-Prime.ttf
21:48:17.104 [FXGL Background Thread 1 ] DEBUG FXGLAssetLoaderServi - Loading from file system: /assets/textures/purple.png
21:48:17.121 [FXGL Background Thread 1 ] DEBUG FXGLAssetLoaderServi - Loading from file system: /assets/textures/yellow.png
21:48:17.123 [FXGL Background Thread 1 ] DEBUG FXGLAssetLoaderServi - Loading from file system: /assets/textures/red.png
21:48:17.125 [FXGL Background Thread 1 ] DEBUG FXGLAssetLoaderServi - Loading from file system: /assets/textures/green.png
21:48:17.127 [FXGL Background Thread 1 ] DEBUG FXGLAssetLoaderServi - Loading from cache: /assets/textures/red.png
21:48:17.127 [FXGL Background Thread 1 ] DEBUG FXGLAssetLoaderServi - Loading from cache: /assets/textures/red.png
21:48:17.128 [FXGL Background Thread 1 ] DEBUG FXGLAssetLoaderServi - Loading from file system: /assets/textures/blue.png
21:48:17.129 [FXGL Background Thread 1 ] DEBUG FXGLAssetLoaderServi - Loading from cache: /assets/textures/purple.png
21:48:17.130 [FXGL Background Thread 1 ] DEBUG FXGLAssetLoaderServi - Loading from cache: /assets/textures/blue.png
21:48:17.131 [FXGL Background Thread 1 ] DEBUG FXGLAssetLoaderServi - Loading from cache: /assets/textures/yellow.png
21:48:17.131 [FXGL Background Thread 1 ] DEBUG FXGLAssetLoaderServi - Loading from cache: /assets/textures/green.png
21:48:17.132 [FXGL Background Thread 1 ] DEBUG FXGLAssetLoaderServi - Loading from cache: /assets/textures/red.png
21:48:17.133 [FXGL Background Thread 1 ] DEBUG FXGLAssetLoaderServi - Loading from file system: /assets/textures/orange.png
21:48:17.134 [FXGL Background Thread 1 ] DEBUG FXGLAssetLoaderServi - Loading from cache: /assets/textures/blue.png
21:48:17.135 [FXGL Background Thread 1 ] DEBUG FXGLAssetLoaderServi - Loading from cache: /assets/textures/yellow.png
21:48:17.135 [FXGL Background Thread 1 ] DEBUG FXGLAssetLoaderServi - Loading from cache: /assets/textures/yellow.png
21:48:17.135 [FXGL Background Thread 1 ] DEBUG FXGLAssetLoaderServi - Loading from cache: /assets/textures/purple.png
21:48:17.136 [FXGL Background Thread 1 ] DEBUG FXGLAssetLoaderServi - Loading from cache: /assets/textures/green.png
21:48:17.136 [JavaFX Application Thread] DEBUG FXGLApplication      - Registering font factories with UI factory
21:48:17.136 [FXGL Background Thread 1 ] DEBUG FXGLAssetLoaderServi - Loading from cache: /assets/textures/purple.png
21:48:17.136 [FXGL Background Thread 1 ] DEBUG FXGLAssetLoaderServi - Loading from cache: /assets/textures/orange.png
21:48:17.137 [FXGL Background Thread 1 ] DEBUG FXGLAssetLoaderServi - Loading from cache: /assets/textures/orange.png
21:48:17.138 [FXGL Background Thread 1 ] DEBUG FXGLAssetLoaderServi - Loading from cache: /assets/textures/red.png
21:48:17.139 [FXGL Background Thread 1 ] DEBUG FXGLAssetLoaderServi - Loading from cache: /assets/textures/blue.png
21:48:17.140 [FXGL Background Thread 1 ] DEBUG FXGLAssetLoaderServi - Loading from cache: /assets/textures/blue.png
21:48:17.141 [FXGL Background Thread 1 ] DEBUG FXGLAssetLoaderServi - Loading from cache: /assets/textures/red.png
21:48:17.142 [FXGL Background Thread 1 ] DEBUG FXGLAssetLoaderServi - Loading from cache: /assets/textures/blue.png
21:48:17.143 [FXGL Background Thread 1 ] DEBUG FXGLAssetLoaderServi - Loading from cache: /assets/textures/purple.png
21:48:17.143 [FXGL Background Thread 1 ] DEBUG FXGLAssetLoaderServi - Loading from cache: /assets/textures/yellow.png
21:48:17.145 [FXGL Background Thread 1 ] DEBUG FXGLAssetLoaderServi - Loading from cache: /assets/textures/green.png
21:48:17.145 [FXGL Background Thread 1 ] DEBUG FXGLAssetLoaderServi - Loading from cache: /assets/textures/purple.png
21:48:17.146 [FXGL Background Thread 1 ] DEBUG FXGLAssetLoaderServi - Loading from cache: /assets/textures/red.png
21:48:17.146 [FXGL Background Thread 1 ] DEBUG FXGLAssetLoaderServi - Loading from cache: /assets/textures/yellow.png
21:48:17.146 [FXGL Background Thread 1 ] DEBUG FXGLAssetLoaderServi - Loading from cache: /assets/textures/yellow.png
21:48:17.147 [FXGL Background Thread 1 ] DEBUG FXGLAssetLoaderServi - Loading from cache: /assets/textures/orange.png
21:48:17.147 [FXGL Background Thread 1 ] DEBUG FXGLAssetLoaderServi - Loading from cache: /assets/textures/green.png
21:48:17.147 [FXGL Background Thread 1 ] DEBUG FXGLAssetLoaderServi - Loading from cache: /assets/textures/purple.png
21:48:17.150 [FXGL Background Thread 1 ] INFO  FXGLApplication      - Game initialization took: 0.050 sec
21:48:17.198 [JavaFX Application Thread] DEBUG Input                - Clearing active input actions
21:48:17.211 [JavaFX Application Thread] DEBUG GameApplicationServi - Removing overlay from FXGLLoadingScene and adding to GameScene
21:48:17.211 [JavaFX Application Thread] DEBUG MainWindow           - FXGLLoadingScene -> GameScene
21:48:17.819 [FXGL Background Thread 2 ] INFO  UpdaterService       - Your current version:  11.12
21:48:17.819 [FXGL Background Thread 2 ] INFO  UpdaterService       - Latest stable version: 21.1
21:48:20.029 [FXGL Background Thread 3 ] DEBUG Engine               - Logging environment variables
21:48:20.031 [FXGL Background Thread 3 ] DEBUG Engine               - achievements: []
21:48:20.031 [FXGL Background Thread 3 ] DEBUG Engine               - actualHeight: 480.0
21:48:20.032 [FXGL Background Thread 3 ] DEBUG Engine               - actualHeightProperty: ReadOnlyDoubleProperty [value: 480.0]
21:48:20.032 [FXGL Background Thread 3 ] DEBUG Engine               - actualWidth: 640.0
21:48:20.032 [FXGL Background Thread 3 ] DEBUG Engine               - actualWidthProperty: ReadOnlyDoubleProperty [value: 640.0]
21:48:20.032 [FXGL Background Thread 3 ] DEBUG Engine               - appIcon: fxgl_icon.png
21:48:20.032 [FXGL Background Thread 3 ] DEBUG Engine               - applicationMode: DEVELOPER
21:48:20.032 [FXGL Background Thread 3 ] DEBUG Engine               - cSSList: [fxgl_dark.css]
21:48:20.032 [FXGL Background Thread 3 ] DEBUG Engine               - configClass: Optional.empty
21:48:20.032 [FXGL Background Thread 3 ] DEBUG Engine               - credits: []
21:48:20.032 [FXGL Background Thread 3 ] DEBUG Engine               - devBBoxColorProperty: ObjectProperty [value: 0xff0000ff]
21:48:20.032 [FXGL Background Thread 3 ] DEBUG Engine               - devEnableDebugCameraProperty: BooleanProperty [value: false]
21:48:20.033 [FXGL Background Thread 3 ] DEBUG Engine               - devSensorColorProperty: ObjectProperty [value: 0xffff00ff]
21:48:20.033 [FXGL Background Thread 3 ] DEBUG Engine               - devShowBBoxProperty: BooleanProperty [value: false]
21:48:20.033 [FXGL Background Thread 3 ] DEBUG Engine               - devShowPositionProperty: BooleanProperty [value: false]
21:48:20.033 [FXGL Background Thread 3 ] DEBUG Engine               - enabledMenuItems: []
21:48:20.033 [FXGL Background Thread 3 ] DEBUG Engine               - engineServices: [class com.almasb.fxgl.app.FXGLApplication$GameApplicationService, class com.almasb.fxgl.app.services.FXGLDialogService, class com.almasb.fxgl.app.services.IOTaskExecutorService, class com.almasb.fxgl.event.EventBusService, class com.almasb.fxgl.io.FileSystemService, class com.almasb.fxgl.localization.LocalizationService, class com.almasb.fxgl.app.services.FXGLAssetLoaderService, class com.almasb.fxgl.app.services.SystemBundleService, class com.almasb.fxgl.profile.SaveLoadService, class com.almasb.fxgl.ui.FXGLUIFactoryServiceProvider, class com.almasb.fxgl.ui.FXGLDialogFactoryServiceProvider, class com.almasb.fxgl.audio.AudioPlayer, class com.almasb.fxgl.notification.impl.NotificationServiceProvider, class com.almasb.fxgl.achievement.AchievementService, class com.almasb.fxgl.cutscene.CutsceneService, class com.almasb.fxgl.minigames.MiniGameService, class com.almasb.fxgl.net.NetService, class com.almasb.fxgl.app.services.UpdaterService, class com.almasb.fxgl.dev.DevService]
21:48:20.033 [FXGL Background Thread 3 ] DEBUG Engine               - fontGame: Abel-Regular.ttf
21:48:20.033 [FXGL Background Thread 3 ] DEBUG Engine               - fontMono: lucida_console.ttf
21:48:20.033 [FXGL Background Thread 3 ] DEBUG Engine               - fontText: Courier-Prime.ttf
21:48:20.033 [FXGL Background Thread 3 ] DEBUG Engine               - fontUI: VarelaRound-Regular.ttf
21:48:20.033 [FXGL Background Thread 3 ] DEBUG Engine               - fullScreen: BooleanProperty [value: false]
21:48:20.033 [FXGL Background Thread 3 ] DEBUG Engine               - gameDifficulty: MEDIUM
21:48:20.034 [FXGL Background Thread 3 ] DEBUG Engine               - gameDifficultyProperty: ObjectProperty [value: MEDIUM]
21:48:20.034 [FXGL Background Thread 3 ] DEBUG Engine               - globalMusicVolume: 0.5
21:48:20.034 [FXGL Background Thread 3 ] DEBUG Engine               - globalMusicVolumeProperty: DoubleProperty [value: 0.5]
21:48:20.034 [FXGL Background Thread 3 ] DEBUG Engine               - globalSoundVolume: 0.5
21:48:20.034 [FXGL Background Thread 3 ] DEBUG Engine               - globalSoundVolumeProperty: DoubleProperty [value: 0.5]
21:48:20.034 [FXGL Background Thread 3 ] DEBUG Engine               - height: 480
21:48:20.034 [FXGL Background Thread 3 ] DEBUG Engine               - isAndroid: false
21:48:20.034 [FXGL Background Thread 3 ] DEBUG Engine               - isBrowser: false
21:48:20.034 [FXGL Background Thread 3 ] DEBUG Engine               - isClickFeedbackEnabled: false
21:48:20.034 [FXGL Background Thread 3 ] DEBUG Engine               - isCloseConfirmation: false
21:48:20.034 [FXGL Background Thread 3 ] DEBUG Engine               - isDesktop: true
21:48:20.034 [FXGL Background Thread 3 ] DEBUG Engine               - isDeveloperMenuEnabled: false
21:48:20.034 [FXGL Background Thread 3 ] DEBUG Engine               - isEntityPreloadEnabled: true
21:48:20.034 [FXGL Background Thread 3 ] DEBUG Engine               - isExperimental3D: false
21:48:20.034 [FXGL Background Thread 3 ] DEBUG Engine               - isExperimentalNative: false
21:48:20.034 [FXGL Background Thread 3 ] DEBUG Engine               - isExperimentalTiledLargeMap: false
21:48:20.034 [FXGL Background Thread 3 ] DEBUG Engine               - isFileSystemWriteAllowed: true
21:48:20.034 [FXGL Background Thread 3 ] DEBUG Engine               - isFullScreenAllowed: false
21:48:20.034 [FXGL Background Thread 3 ] DEBUG Engine               - isFullScreenFromStart: false
21:48:20.034 [FXGL Background Thread 3 ] DEBUG Engine               - isGameMenuEnabled: true
21:48:20.034 [FXGL Background Thread 3 ] DEBUG Engine               - isIOS: false
21:48:20.035 [FXGL Background Thread 3 ] DEBUG Engine               - isIntroEnabled: false
21:48:20.035 [FXGL Background Thread 3 ] DEBUG Engine               - isLinux: false
21:48:20.035 [FXGL Background Thread 3 ] DEBUG Engine               - isMac: false
21:48:20.035 [FXGL Background Thread 3 ] DEBUG Engine               - isMainMenuEnabled: false
21:48:20.035 [FXGL Background Thread 3 ] DEBUG Engine               - isManualResizeEnabled: false
21:48:20.035 [FXGL Background Thread 3 ] DEBUG Engine               - isMobile: false
21:48:20.035 [FXGL Background Thread 3 ] DEBUG Engine               - isPreserveResizeRatio: false
21:48:20.035 [FXGL Background Thread 3 ] DEBUG Engine               - isProfilingEnabled: false
21:48:20.035 [FXGL Background Thread 3 ] DEBUG Engine               - isScaleAffectedOnResize: true
21:48:20.035 [FXGL Background Thread 3 ] DEBUG Engine               - isSingleStep: false
21:48:20.035 [FXGL Background Thread 3 ] DEBUG Engine               - isUserProfileEnabled: false
21:48:20.035 [FXGL Background Thread 3 ] DEBUG Engine               - isWindows: true
21:48:20.035 [FXGL Background Thread 3 ] DEBUG Engine               - language: ObjectProperty [value: ENGLISH]
21:48:20.035 [FXGL Background Thread 3 ] DEBUG Engine               - menuKey: ESCAPE
21:48:20.035 [FXGL Background Thread 3 ] DEBUG Engine               - notificationViewClass: class com.almasb.fxgl.notification.view.XboxNotificationView
21:48:20.035 [FXGL Background Thread 3 ] DEBUG Engine               - pixelsPerMeter: 50.0
21:48:20.035 [FXGL Background Thread 3 ] DEBUG Engine               - platform: WINDOWS
21:48:20.035 [FXGL Background Thread 3 ] DEBUG Engine               - prefHeightProperty: ReadOnlyDoubleProperty [value: 480.0]
21:48:20.035 [FXGL Background Thread 3 ] DEBUG Engine               - prefWidthProperty: ReadOnlyDoubleProperty [value: 640.0]
21:48:20.035 [FXGL Background Thread 3 ] DEBUG Engine               - profileDir: profiles/
21:48:20.036 [FXGL Background Thread 3 ] DEBUG Engine               - profileName: StringProperty [value: DEFAULT]
21:48:20.036 [FXGL Background Thread 3 ] DEBUG Engine               - randomSeed: -1
21:48:20.036 [FXGL Background Thread 3 ] DEBUG Engine               - runtimeInfo: RuntimeInfo(platform=WINDOWS, version=11.12, build=11.12.2020 08.51)
21:48:20.036 [FXGL Background Thread 3 ] DEBUG Engine               - saveFileExt: sav
21:48:20.036 [FXGL Background Thread 3 ] DEBUG Engine               - scaledHeightProp$fxgl: DoubleProperty [bound, value: 480.0]
21:48:20.036 [FXGL Background Thread 3 ] DEBUG Engine               - scaledWidthProp$fxgl: DoubleProperty [bound, value: 640.0]
21:48:20.036 [FXGL Background Thread 3 ] DEBUG Engine               - sceneFactory: com.almasb.fxgl.app.scene.SceneFactory@3d27ad39
21:48:20.037 [FXGL Background Thread 3 ] DEBUG Engine               - secondsIn24h: 60
21:48:20.037 [FXGL Background Thread 3 ] DEBUG Engine               - soundMenuBack: menu/back.wav
21:48:20.037 [FXGL Background Thread 3 ] DEBUG Engine               - soundMenuPress: menu/press.wav
21:48:20.037 [FXGL Background Thread 3 ] DEBUG Engine               - soundMenuSelect: menu/select.wav
21:48:20.037 [FXGL Background Thread 3 ] DEBUG Engine               - soundNotification: core/notification.wav
21:48:20.037 [FXGL Background Thread 3 ] DEBUG Engine               - stageStyle: DECORATED
21:48:20.037 [FXGL Background Thread 3 ] DEBUG Engine               - supportedLanguages: [ENGLISH, FRENCH, GERMAN, HUNGARIAN, RUSSIAN]
21:48:20.037 [FXGL Background Thread 3 ] DEBUG Engine               - title: Sweet Saga Quest
21:48:20.037 [FXGL Background Thread 3 ] DEBUG Engine               - urlGithub: https://github.com/AlmasB/FXGL
21:48:20.037 [FXGL Background Thread 3 ] DEBUG Engine               - urlLeaderboard: http://fxgl-top.herokuapp.com/
21:48:20.037 [FXGL Background Thread 3 ] DEBUG Engine               - urlPOM: https://raw.githubusercontent.com/AlmasB/FXGL/master/README.md
21:48:20.037 [FXGL Background Thread 3 ] DEBUG Engine               - version: 1.0
21:48:20.037 [FXGL Background Thread 3 ] DEBUG Engine               - versionCheckDays: 7
21:48:20.038 [FXGL Background Thread 3 ] DEBUG Engine               - width: 640
21:48:20.038 [FXGL Background Thread 3 ] DEBUG Engine               - Logging services
21:48:20.038 [FXGL Background Thread 3 ] DEBUG Engine               - class com.almasb.fxgl.app.FXGLApplication$GameApplicationService
21:48:20.038 [FXGL Background Thread 3 ] DEBUG Engine               - class com.almasb.fxgl.app.services.FXGLDialogService
21:48:20.038 [FXGL Background Thread 3 ] DEBUG Engine               - class com.almasb.fxgl.app.services.IOTaskExecutorService
21:48:20.038 [FXGL Background Thread 3 ] DEBUG Engine               - class com.almasb.fxgl.event.EventBusService
21:48:20.038 [FXGL Background Thread 3 ] DEBUG Engine               - class com.almasb.fxgl.io.FileSystemService
21:48:20.038 [FXGL Background Thread 3 ] DEBUG Engine               - class com.almasb.fxgl.localization.LocalizationService
21:48:20.038 [FXGL Background Thread 3 ] DEBUG Engine               - class com.almasb.fxgl.app.services.FXGLAssetLoaderService
21:48:20.038 [FXGL Background Thread 3 ] DEBUG Engine               - class com.almasb.fxgl.app.services.SystemBundleService
21:48:20.038 [FXGL Background Thread 3 ] DEBUG Engine               - class com.almasb.fxgl.profile.SaveLoadService
21:48:20.038 [FXGL Background Thread 3 ] DEBUG Engine               - class com.almasb.fxgl.ui.FXGLUIFactoryServiceProvider
21:48:20.038 [FXGL Background Thread 3 ] DEBUG Engine               - class com.almasb.fxgl.ui.FXGLDialogFactoryServiceProvider
21:48:20.038 [FXGL Background Thread 3 ] DEBUG Engine               - class com.almasb.fxgl.audio.AudioPlayer
21:48:20.038 [FXGL Background Thread 3 ] DEBUG Engine               - class com.almasb.fxgl.notification.impl.NotificationServiceProvider
21:48:20.038 [FXGL Background Thread 3 ] DEBUG Engine               - class com.almasb.fxgl.achievement.AchievementService
21:48:20.038 [FXGL Background Thread 3 ] DEBUG Engine               - class com.almasb.fxgl.cutscene.CutsceneService
21:48:20.038 [FXGL Background Thread 3 ] DEBUG Engine               - class com.almasb.fxgl.minigames.MiniGameService
21:48:20.039 [FXGL Background Thread 3 ] DEBUG Engine               - class com.almasb.fxgl.net.NetService
21:48:20.039 [FXGL Background Thread 3 ] DEBUG Engine               - class com.almasb.fxgl.app.services.UpdaterService
21:48:20.039 [FXGL Background Thread 3 ] DEBUG Engine               - class com.almasb.fxgl.dev.DevService
21:48:26.040 [JavaFX Application Thread] DEBUG FXGLApplication      - Exiting FXGL
21:48:26.041 [JavaFX Application Thread] DEBUG LoopRunner           - Stopping loop
21:48:26.041 [JavaFX Application Thread] DEBUG SystemBundleService  - Saving FXGL system data
21:48:26.043 [JavaFX Application Thread] DEBUG FileSystemAccess     - Writing to: D:\Dev\SweetSagaQuest\system\fxgl.bundle
21:48:26.045 [JavaFX Application Thread] DEBUG Async                - Shutting down background threads
21:48:26.045 [JavaFX Application Thread] DEBUG MainWindow           - Closing main window
21:48:26.054 [JavaFX Application Thread] DEBUG Logger               - Closing Logger
