11:14:11.401 [main                     ] DEBUG Logger               - Configured Logger
11:14:11.407 [main                     ] DEBUG GameApplication      - Logging settings
Title: Sweet Saga Quest
Version: 1.0
Width: 640
Height: 480
Fullscreen: false
Intro: false
Profiling: false
Single step:false
App Mode: DEVELOPER
Menu Key: ESCAPE
Stage Style: DECORATED
Scene Factory: class com.almasb.fxgl.app.scene.SceneFactory

11:14:12.056 [JavaFX Application Thread] DEBUG FXGLApplication      - Initializing FXGL
11:14:12.058 [JavaFX Application Thread] INFO  Engine               - FXGL-11.12 (11.12.2020 08.51) on WINDOWS (J:17.0.9 FX:15)
11:14:12.059 [JavaFX Application Thread] DEBUG Engine               - JRE Vendor Name: Oracle Corporation
11:14:12.059 [JavaFX Application Thread] DEBUG Engine               - Running on OS: Windows 11 version 10.0
11:14:12.059 [JavaFX Application Thread] DEBUG Engine               - Architecture: amd64
11:14:12.059 [JavaFX Application Thread] INFO  Engine               - Source code and latest versions at: https://github.com/AlmasB/FXGL
11:14:12.059 [JavaFX Application Thread] INFO  Engine               -              Join the FXGL chat at: https://gitter.im/AlmasB/FXGL
11:14:12.230 [JavaFX Application Thread] DEBUG MainWindow           - Creating a JavaFX scene
11:14:12.295 [JavaFX Application Thread] DEBUG MainWindow           - Target settings size: 640.0 x 480.0
11:14:12.295 [JavaFX Application Thread] DEBUG MainWindow           - Scaled scene size:    640.0 x 480.0
11:14:12.295 [JavaFX Application Thread] DEBUG MainWindow           - Scaled ratio: (1.0, 1.0)
11:14:12.296 [JavaFX Application Thread] DEBUG MainWindow           - Set initial scene to StartupScene
11:14:12.305 [JavaFX Application Thread] DEBUG MainWindow           - Opening main window
11:14:12.402 [JavaFX Application Thread] DEBUG MainWindow           - Window border size: (14.4000244140625, 37.5999755859375)
11:14:12.402 [JavaFX Application Thread] DEBUG MainWindow           - Scaled size: 640.0 x 480.0
11:14:12.402 [JavaFX Application Thread] DEBUG MainWindow           - Scaled ratio: (1.0, 1.0)
11:14:12.402 [JavaFX Application Thread] DEBUG MainWindow           - Scene size: 640.0 x 480.0
11:14:12.403 [JavaFX Application Thread] DEBUG MainWindow           - Stage size: 654.4000244140625 x 517.5999755859375
11:14:12.427 [FXGL Background Thread 1 ] DEBUG Engine               - Initializing environment variables
11:14:12.468 [FXGL Background Thread 1 ] DEBUG GameApplicationServi - Applying CSS: fxgl_dark.css
11:14:12.469 [FXGL Background Thread 1 ] DEBUG FXGLAssetLoaderServi - Loading from file system: /assets/ui/css/fxgl_dark.css
11:14:12.553 [FXGL Background Thread 1 ] DEBUG GameApplicationServi - Initializing application scenes
11:14:12.604 [FXGL Background Thread 1 ] DEBUG GameWorld            - Game world initialized
11:14:12.693 [FXGL Background Thread 1 ] DEBUG PhysicsWorld         - Physics world initialized: appHeight=480, physics.ppm=50.0
11:14:12.696 [FXGL Background Thread 1 ] DEBUG GameScene            - Game scene initialized: 640x480
11:14:12.746 [FXGL Background Thread 1 ] DEBUG FXGLAssetLoaderServi - Loading from file system: /assets/textures/particles/trace_horizontal.png
11:14:12.815 [FXGL Background Thread 1 ] WARN  FXGL.DefaultMenu     - FXGLDefaultMenu is not designed for resolutions < 800x600
11:14:12.816 [FXGL Background Thread 1 ] DEBUG FXGL.DefaultMenu     - createMenuBodyGameMenu()
11:14:12.838 [FXGL Background Thread 1 ] DEBUG FXGL.DefaultMenu     - createOptionsMenu()
11:14:12.842 [FXGL Background Thread 1 ] DEBUG FXGLAssetLoaderServi - Loading from file system: /assets/textures/particles/smoke.png
11:14:12.915 [FXGL Background Thread 1 ] DEBUG GameApplicationServi - Application scenes initialized
11:14:12.930 [FXGL Background Thread 1 ] DEBUG SystemBundleService  - Loading FXGL system data
11:14:12.947 [FXGL Background Thread 1 ] DEBUG FileSystemAccess     - Reading from: D:\Dev\SweetSagaQuest\system\fxgl.bundle
11:14:12.957 [FXGL Background Thread 1 ] DEBUG SystemBundleService  - Bundle FXGL: {}
11:14:12.958 [FXGL Background Thread 1 ] DEBUG UpdaterService       - Checking for updates
11:14:12.963 [FXGL Background Thread 4 ] DEBUG FXGLApplication      - Loading fonts
11:14:12.963 [FXGL Background Thread 4 ] DEBUG FXGLAssetLoaderServi - Loading from file system: /assets/ui/fonts/VarelaRound-Regular.ttf
11:14:12.963 [FXGL Background Thread 1 ] DEBUG FXGLApplication      - Loading default localization
11:14:12.963 [FXGL Background Thread 1 ] DEBUG FXGLAssetLoaderServi - Loading from file system: /assets/languages/english.lang
11:14:12.989 [FXGL Background Thread 1 ] INFO  FXGLApplication      - FXGL initialization took: 0.563 sec
11:14:12.990 [JavaFX Application Thread] DEBUG FXGLAssetLoaderServi - Loading from file system: /assets/textures/fxgl_icon.png
11:14:13.017 [JavaFX Application Thread] DEBUG FXGLAssetLoaderServi - Loading from file system: /assets/ui/cursors/fxgl_default.png
11:14:13.031 [JavaFX Application Thread] DEBUG Input                - Registered new binding: Screenshot - P
11:14:13.032 [JavaFX Application Thread] DEBUG Input                - Registered new binding: System info dump - CTRL+9
11:14:13.032 [JavaFX Application Thread] DEBUG Input                - Registered new binding: Restart - CTRL+R
11:14:13.034 [JavaFX Application Thread] DEBUG Input                - Registered new binding: Toggle Debug Camera - CTRL+C
11:14:13.037 [FXGL Background Thread 4 ] DEBUG FXGLAssetLoaderServi - Loading from file system: /assets/ui/fonts/Abel-Regular.ttf
11:14:13.037 [JavaFX Application Thread] DEBUG LoopRunner           - Starting loop
11:14:13.038 [JavaFX Application Thread] DEBUG GameApplicationServi - Starting new game
11:14:13.039 [JavaFX Application Thread] DEBUG Input                - Clearing active input actions
11:14:13.040 [FXGL Background Thread 4 ] DEBUG FXGLAssetLoaderServi - Loading from file system: /assets/ui/fonts/lucida_console.ttf
11:14:13.047 [FXGL Background Thread 4 ] DEBUG FXGLAssetLoaderServi - Loading from file system: /assets/ui/fonts/Courier-Prime.ttf
11:14:13.060 [JavaFX Application Thread] DEBUG GameApplicationServi - Removing overlay from StartupScene and adding to FXGLLoadingScene
11:14:13.060 [JavaFX Application Thread] DEBUG MainWindow           - StartupScene -> FXGLLoadingScene
11:14:13.061 [JavaFX Application Thread] DEBUG GameApplicationServi - Clearing previous game
11:14:13.061 [JavaFX Application Thread] DEBUG GameScene            - Clearing game scene
11:14:13.061 [JavaFX Application Thread] DEBUG GameWorld            - Clearing game world
11:14:13.061 [JavaFX Application Thread] DEBUG PhysicsWorld         - Clearing physics world
11:14:13.063 [FXGL Background Thread 4 ] DEBUG FXGLApplication      - Initializing game
11:14:13.066 [FXGL Background Thread 4 ] DEBUG FXGLAssetLoaderServi - Loading from file system: /assets/textures/purple.png
11:14:13.091 [FXGL Background Thread 4 ] DEBUG FXGLAssetLoaderServi - Loading from file system: /assets/textures/yellow.png
11:14:13.094 [FXGL Background Thread 4 ] DEBUG FXGLAssetLoaderServi - Loading from file system: /assets/textures/blue.png
11:14:13.097 [FXGL Background Thread 4 ] DEBUG FXGLAssetLoaderServi - Loading from cache: /assets/textures/yellow.png
11:14:13.098 [FXGL Background Thread 4 ] DEBUG FXGLAssetLoaderServi - Loading from cache: /assets/textures/yellow.png
11:14:13.099 [FXGL Background Thread 4 ] DEBUG FXGLAssetLoaderServi - Loading from cache: /assets/textures/yellow.png
11:14:13.100 [FXGL Background Thread 4 ] DEBUG FXGLAssetLoaderServi - Loading from cache: /assets/textures/blue.png
11:14:13.101 [FXGL Background Thread 4 ] DEBUG FXGLAssetLoaderServi - Loading from cache: /assets/textures/purple.png
11:14:13.102 [FXGL Background Thread 4 ] DEBUG FXGLAssetLoaderServi - Loading from file system: /assets/textures/green.png
11:14:13.105 [FXGL Background Thread 4 ] DEBUG FXGLAssetLoaderServi - Loading from file system: /assets/textures/red.png
11:14:13.109 [FXGL Background Thread 4 ] DEBUG FXGLAssetLoaderServi - Loading from cache: /assets/textures/purple.png
11:14:13.110 [FXGL Background Thread 4 ] DEBUG FXGLAssetLoaderServi - Loading from cache: /assets/textures/green.png
11:14:13.111 [FXGL Background Thread 4 ] DEBUG FXGLAssetLoaderServi - Loading from cache: /assets/textures/purple.png
11:14:13.112 [FXGL Background Thread 4 ] DEBUG FXGLAssetLoaderServi - Loading from cache: /assets/textures/green.png
11:14:13.113 [FXGL Background Thread 4 ] DEBUG FXGLAssetLoaderServi - Loading from cache: /assets/textures/yellow.png
11:14:13.114 [FXGL Background Thread 4 ] DEBUG FXGLAssetLoaderServi - Loading from cache: /assets/textures/red.png
11:14:13.115 [FXGL Background Thread 4 ] DEBUG FXGLAssetLoaderServi - Loading from cache: /assets/textures/green.png
11:14:13.116 [FXGL Background Thread 4 ] DEBUG FXGLAssetLoaderServi - Loading from cache: /assets/textures/green.png
11:14:13.117 [FXGL Background Thread 4 ] DEBUG FXGLAssetLoaderServi - Loading from cache: /assets/textures/yellow.png
11:14:13.117 [JavaFX Application Thread] DEBUG FXGLApplication      - Registering font factories with UI factory
11:14:13.118 [FXGL Background Thread 4 ] DEBUG FXGLAssetLoaderServi - Loading from cache: /assets/textures/yellow.png
11:14:13.118 [FXGL Background Thread 4 ] DEBUG FXGLAssetLoaderServi - Loading from cache: /assets/textures/red.png
11:14:13.120 [FXGL Background Thread 4 ] DEBUG FXGLAssetLoaderServi - Loading from file system: /assets/textures/orange.png
11:14:13.122 [FXGL Background Thread 4 ] DEBUG FXGLAssetLoaderServi - Loading from cache: /assets/textures/orange.png
11:14:13.124 [FXGL Background Thread 4 ] DEBUG FXGLAssetLoaderServi - Loading from cache: /assets/textures/orange.png
11:14:13.125 [FXGL Background Thread 4 ] DEBUG FXGLAssetLoaderServi - Loading from cache: /assets/textures/red.png
11:14:13.126 [FXGL Background Thread 4 ] DEBUG FXGLAssetLoaderServi - Loading from cache: /assets/textures/yellow.png
11:14:13.127 [FXGL Background Thread 4 ] DEBUG FXGLAssetLoaderServi - Loading from cache: /assets/textures/red.png
11:14:13.128 [FXGL Background Thread 4 ] DEBUG FXGLAssetLoaderServi - Loading from cache: /assets/textures/blue.png
11:14:13.128 [FXGL Background Thread 4 ] DEBUG FXGLAssetLoaderServi - Loading from cache: /assets/textures/green.png
11:14:13.130 [FXGL Background Thread 4 ] DEBUG FXGLAssetLoaderServi - Loading from cache: /assets/textures/red.png
11:14:13.131 [FXGL Background Thread 4 ] DEBUG FXGLAssetLoaderServi - Loading from cache: /assets/textures/orange.png
11:14:13.132 [FXGL Background Thread 4 ] DEBUG FXGLAssetLoaderServi - Loading from cache: /assets/textures/blue.png
11:14:13.133 [FXGL Background Thread 4 ] DEBUG FXGLAssetLoaderServi - Loading from cache: /assets/textures/blue.png
11:14:13.134 [FXGL Background Thread 4 ] DEBUG FXGLAssetLoaderServi - Loading from cache: /assets/textures/blue.png
11:14:13.135 [FXGL Background Thread 4 ] DEBUG FXGLAssetLoaderServi - Loading from cache: /assets/textures/green.png
11:14:13.136 [FXGL Background Thread 4 ] DEBUG FXGLAssetLoaderServi - Loading from cache: /assets/textures/red.png
11:14:13.142 [FXGL Background Thread 4 ] INFO  FXGLApplication      - Game initialization took: 0.079 sec
11:14:13.240 [JavaFX Application Thread] DEBUG Input                - Clearing active input actions
11:14:13.262 [JavaFX Application Thread] DEBUG GameApplicationServi - Removing overlay from FXGLLoadingScene and adding to GameScene
11:14:13.263 [JavaFX Application Thread] DEBUG MainWindow           - FXGLLoadingScene -> GameScene
11:14:15.961 [FXGL Background Thread 3 ] DEBUG Engine               - Logging environment variables
11:14:15.963 [FXGL Background Thread 3 ] DEBUG Engine               - achievements: []
11:14:15.963 [FXGL Background Thread 3 ] DEBUG Engine               - actualHeight: 480.0
11:14:15.963 [FXGL Background Thread 3 ] DEBUG Engine               - actualHeightProperty: ReadOnlyDoubleProperty [value: 480.0]
11:14:15.964 [FXGL Background Thread 3 ] DEBUG Engine               - actualWidth: 640.0
11:14:15.964 [FXGL Background Thread 3 ] DEBUG Engine               - actualWidthProperty: ReadOnlyDoubleProperty [value: 640.0]
11:14:15.964 [FXGL Background Thread 3 ] DEBUG Engine               - appIcon: fxgl_icon.png
11:14:15.964 [FXGL Background Thread 3 ] DEBUG Engine               - applicationMode: DEVELOPER
11:14:15.964 [FXGL Background Thread 3 ] DEBUG Engine               - cSSList: [fxgl_dark.css]
11:14:15.964 [FXGL Background Thread 3 ] DEBUG Engine               - configClass: Optional.empty
11:14:15.964 [FXGL Background Thread 3 ] DEBUG Engine               - credits: []
11:14:15.964 [FXGL Background Thread 3 ] DEBUG Engine               - devBBoxColorProperty: ObjectProperty [value: 0xff0000ff]
11:14:15.964 [FXGL Background Thread 3 ] DEBUG Engine               - devEnableDebugCameraProperty: BooleanProperty [value: false]
11:14:15.964 [FXGL Background Thread 3 ] DEBUG Engine               - devSensorColorProperty: ObjectProperty [value: 0xffff00ff]
11:14:15.965 [FXGL Background Thread 3 ] DEBUG Engine               - devShowBBoxProperty: BooleanProperty [value: false]
11:14:15.965 [FXGL Background Thread 3 ] DEBUG Engine               - devShowPositionProperty: BooleanProperty [value: false]
11:14:15.965 [FXGL Background Thread 3 ] DEBUG Engine               - enabledMenuItems: []
11:14:15.965 [FXGL Background Thread 3 ] DEBUG Engine               - engineServices: [class com.almasb.fxgl.app.FXGLApplication$GameApplicationService, class com.almasb.fxgl.app.services.FXGLDialogService, class com.almasb.fxgl.app.services.IOTaskExecutorService, class com.almasb.fxgl.event.EventBusService, class com.almasb.fxgl.io.FileSystemService, class com.almasb.fxgl.localization.LocalizationService, class com.almasb.fxgl.app.services.FXGLAssetLoaderService, class com.almasb.fxgl.app.services.SystemBundleService, class com.almasb.fxgl.profile.SaveLoadService, class com.almasb.fxgl.ui.FXGLUIFactoryServiceProvider, class com.almasb.fxgl.ui.FXGLDialogFactoryServiceProvider, class com.almasb.fxgl.audio.AudioPlayer, class com.almasb.fxgl.notification.impl.NotificationServiceProvider, class com.almasb.fxgl.achievement.AchievementService, class com.almasb.fxgl.cutscene.CutsceneService, class com.almasb.fxgl.minigames.MiniGameService, class com.almasb.fxgl.net.NetService, class com.almasb.fxgl.app.services.UpdaterService, class com.almasb.fxgl.dev.DevService]
11:14:15.965 [FXGL Background Thread 3 ] DEBUG Engine               - fontGame: Abel-Regular.ttf
11:14:15.965 [FXGL Background Thread 3 ] DEBUG Engine               - fontMono: lucida_console.ttf
11:14:15.965 [FXGL Background Thread 3 ] DEBUG Engine               - fontText: Courier-Prime.ttf
11:14:15.965 [FXGL Background Thread 3 ] DEBUG Engine               - fontUI: VarelaRound-Regular.ttf
11:14:15.965 [FXGL Background Thread 3 ] DEBUG Engine               - fullScreen: BooleanProperty [value: false]
11:14:15.965 [FXGL Background Thread 3 ] DEBUG Engine               - gameDifficulty: MEDIUM
11:14:15.965 [FXGL Background Thread 3 ] DEBUG Engine               - gameDifficultyProperty: ObjectProperty [value: MEDIUM]
11:14:15.965 [FXGL Background Thread 3 ] DEBUG Engine               - globalMusicVolume: 0.5
11:14:15.965 [FXGL Background Thread 3 ] DEBUG Engine               - globalMusicVolumeProperty: DoubleProperty [value: 0.5]
11:14:15.965 [FXGL Background Thread 3 ] DEBUG Engine               - globalSoundVolume: 0.5
11:14:15.966 [FXGL Background Thread 3 ] DEBUG Engine               - globalSoundVolumeProperty: DoubleProperty [value: 0.5]
11:14:15.966 [FXGL Background Thread 3 ] DEBUG Engine               - height: 480
11:14:15.966 [FXGL Background Thread 3 ] DEBUG Engine               - isAndroid: false
11:14:15.966 [FXGL Background Thread 3 ] DEBUG Engine               - isBrowser: false
11:14:15.966 [FXGL Background Thread 3 ] DEBUG Engine               - isClickFeedbackEnabled: false
11:14:15.966 [FXGL Background Thread 3 ] DEBUG Engine               - isCloseConfirmation: false
11:14:15.966 [FXGL Background Thread 3 ] DEBUG Engine               - isDesktop: true
11:14:15.966 [FXGL Background Thread 3 ] DEBUG Engine               - isDeveloperMenuEnabled: false
11:14:15.966 [FXGL Background Thread 3 ] DEBUG Engine               - isEntityPreloadEnabled: true
11:14:15.966 [FXGL Background Thread 3 ] DEBUG Engine               - isExperimental3D: false
11:14:15.966 [FXGL Background Thread 3 ] DEBUG Engine               - isExperimentalNative: false
11:14:15.966 [FXGL Background Thread 3 ] DEBUG Engine               - isExperimentalTiledLargeMap: false
11:14:15.966 [FXGL Background Thread 3 ] DEBUG Engine               - isFileSystemWriteAllowed: true
11:14:15.966 [FXGL Background Thread 3 ] DEBUG Engine               - isFullScreenAllowed: false
11:14:15.966 [FXGL Background Thread 3 ] DEBUG Engine               - isFullScreenFromStart: false
11:14:15.966 [FXGL Background Thread 3 ] DEBUG Engine               - isGameMenuEnabled: true
11:14:15.966 [FXGL Background Thread 3 ] DEBUG Engine               - isIOS: false
11:14:15.966 [FXGL Background Thread 3 ] DEBUG Engine               - isIntroEnabled: false
11:14:15.966 [FXGL Background Thread 3 ] DEBUG Engine               - isLinux: false
11:14:15.967 [FXGL Background Thread 3 ] DEBUG Engine               - isMac: false
11:14:15.967 [FXGL Background Thread 3 ] DEBUG Engine               - isMainMenuEnabled: false
11:14:15.967 [FXGL Background Thread 3 ] DEBUG Engine               - isManualResizeEnabled: false
11:14:15.967 [FXGL Background Thread 3 ] DEBUG Engine               - isMobile: false
11:14:15.967 [FXGL Background Thread 3 ] DEBUG Engine               - isPreserveResizeRatio: false
11:14:15.967 [FXGL Background Thread 3 ] DEBUG Engine               - isProfilingEnabled: false
11:14:15.972 [FXGL Background Thread 3 ] DEBUG Engine               - isScaleAffectedOnResize: true
11:14:15.973 [FXGL Background Thread 3 ] DEBUG Engine               - isSingleStep: false
11:14:15.973 [FXGL Background Thread 3 ] DEBUG Engine               - isUserProfileEnabled: false
11:14:15.973 [FXGL Background Thread 3 ] DEBUG Engine               - isWindows: true
11:14:15.973 [FXGL Background Thread 3 ] DEBUG Engine               - language: ObjectProperty [value: ENGLISH]
11:14:15.974 [FXGL Background Thread 3 ] DEBUG Engine               - menuKey: ESCAPE
11:14:15.974 [FXGL Background Thread 3 ] DEBUG Engine               - notificationViewClass: class com.almasb.fxgl.notification.view.XboxNotificationView
11:14:15.974 [FXGL Background Thread 3 ] DEBUG Engine               - pixelsPerMeter: 50.0
11:14:15.974 [FXGL Background Thread 3 ] DEBUG Engine               - platform: WINDOWS
11:14:15.974 [FXGL Background Thread 3 ] DEBUG Engine               - prefHeightProperty: ReadOnlyDoubleProperty [value: 480.0]
11:14:15.974 [FXGL Background Thread 3 ] DEBUG Engine               - prefWidthProperty: ReadOnlyDoubleProperty [value: 640.0]
11:14:15.974 [FXGL Background Thread 3 ] DEBUG Engine               - profileDir: profiles/
11:14:15.974 [FXGL Background Thread 3 ] DEBUG Engine               - profileName: StringProperty [value: DEFAULT]
11:14:15.974 [FXGL Background Thread 3 ] DEBUG Engine               - randomSeed: -1
11:14:15.974 [FXGL Background Thread 3 ] DEBUG Engine               - runtimeInfo: RuntimeInfo(platform=WINDOWS, version=11.12, build=11.12.2020 08.51)
11:14:15.974 [FXGL Background Thread 3 ] DEBUG Engine               - saveFileExt: sav
11:14:15.975 [FXGL Background Thread 3 ] DEBUG Engine               - scaledHeightProp$fxgl: DoubleProperty [bound, value: 480.0]
11:14:15.975 [FXGL Background Thread 3 ] DEBUG Engine               - scaledWidthProp$fxgl: DoubleProperty [bound, value: 640.0]
11:14:15.975 [FXGL Background Thread 3 ] DEBUG Engine               - sceneFactory: com.almasb.fxgl.app.scene.SceneFactory@2f981fb8
11:14:15.975 [FXGL Background Thread 3 ] DEBUG Engine               - secondsIn24h: 60
11:14:15.975 [FXGL Background Thread 3 ] DEBUG Engine               - soundMenuBack: menu/back.wav
11:14:15.975 [FXGL Background Thread 3 ] DEBUG Engine               - soundMenuPress: menu/press.wav
11:14:15.975 [FXGL Background Thread 3 ] DEBUG Engine               - soundMenuSelect: menu/select.wav
11:14:15.975 [FXGL Background Thread 3 ] DEBUG Engine               - soundNotification: core/notification.wav
11:14:15.975 [FXGL Background Thread 3 ] DEBUG Engine               - stageStyle: DECORATED
11:14:15.975 [FXGL Background Thread 3 ] DEBUG Engine               - supportedLanguages: [ENGLISH, FRENCH, GERMAN, HUNGARIAN, RUSSIAN]
11:14:15.975 [FXGL Background Thread 3 ] DEBUG Engine               - title: Sweet Saga Quest
11:14:15.975 [FXGL Background Thread 3 ] DEBUG Engine               - urlGithub: https://github.com/AlmasB/FXGL
11:14:15.975 [FXGL Background Thread 3 ] DEBUG Engine               - urlLeaderboard: http://fxgl-top.herokuapp.com/
11:14:15.975 [FXGL Background Thread 3 ] DEBUG Engine               - urlPOM: https://raw.githubusercontent.com/AlmasB/FXGL/master/README.md
11:14:15.975 [FXGL Background Thread 3 ] DEBUG Engine               - version: 1.0
11:14:15.975 [FXGL Background Thread 3 ] DEBUG Engine               - versionCheckDays: 7
11:14:15.975 [FXGL Background Thread 3 ] DEBUG Engine               - width: 640
11:14:15.975 [FXGL Background Thread 3 ] DEBUG Engine               - Logging services
11:14:15.975 [FXGL Background Thread 3 ] DEBUG Engine               - class com.almasb.fxgl.app.FXGLApplication$GameApplicationService
11:14:15.975 [FXGL Background Thread 3 ] DEBUG Engine               - class com.almasb.fxgl.app.services.FXGLDialogService
11:14:15.975 [FXGL Background Thread 3 ] DEBUG Engine               - class com.almasb.fxgl.app.services.IOTaskExecutorService
11:14:15.976 [FXGL Background Thread 3 ] DEBUG Engine               - class com.almasb.fxgl.event.EventBusService
11:14:15.976 [FXGL Background Thread 3 ] DEBUG Engine               - class com.almasb.fxgl.io.FileSystemService
11:14:15.976 [FXGL Background Thread 3 ] DEBUG Engine               - class com.almasb.fxgl.localization.LocalizationService
11:14:15.976 [FXGL Background Thread 3 ] DEBUG Engine               - class com.almasb.fxgl.app.services.FXGLAssetLoaderService
11:14:15.976 [FXGL Background Thread 3 ] DEBUG Engine               - class com.almasb.fxgl.app.services.SystemBundleService
11:14:15.976 [FXGL Background Thread 3 ] DEBUG Engine               - class com.almasb.fxgl.profile.SaveLoadService
11:14:15.976 [FXGL Background Thread 3 ] DEBUG Engine               - class com.almasb.fxgl.ui.FXGLUIFactoryServiceProvider
11:14:15.976 [FXGL Background Thread 3 ] DEBUG Engine               - class com.almasb.fxgl.ui.FXGLDialogFactoryServiceProvider
11:14:15.976 [FXGL Background Thread 3 ] DEBUG Engine               - class com.almasb.fxgl.audio.AudioPlayer
11:14:15.976 [FXGL Background Thread 3 ] DEBUG Engine               - class com.almasb.fxgl.notification.impl.NotificationServiceProvider
11:14:15.976 [FXGL Background Thread 3 ] DEBUG Engine               - class com.almasb.fxgl.achievement.AchievementService
11:14:15.976 [FXGL Background Thread 3 ] DEBUG Engine               - class com.almasb.fxgl.cutscene.CutsceneService
11:14:15.976 [FXGL Background Thread 3 ] DEBUG Engine               - class com.almasb.fxgl.minigames.MiniGameService
11:14:15.976 [FXGL Background Thread 3 ] DEBUG Engine               - class com.almasb.fxgl.net.NetService
11:14:15.976 [FXGL Background Thread 3 ] DEBUG Engine               - class com.almasb.fxgl.app.services.UpdaterService
11:14:15.976 [FXGL Background Thread 3 ] DEBUG Engine               - class com.almasb.fxgl.dev.DevService
11:14:19.603 [FXGL Background Thread 2 ] INFO  UpdaterService       - Your current version:  11.12
11:14:19.603 [FXGL Background Thread 2 ] INFO  UpdaterService       - Latest stable version: 21.1
11:14:52.295 [JavaFX Application Thread] DEBUG FXGLApplication      - Exiting FXGL
11:14:52.295 [JavaFX Application Thread] DEBUG LoopRunner           - Stopping loop
11:14:52.295 [JavaFX Application Thread] DEBUG SystemBundleService  - Saving FXGL system data
11:14:52.299 [JavaFX Application Thread] DEBUG FileSystemAccess     - Writing to: D:\Dev\SweetSagaQuest\system\fxgl.bundle
11:14:52.305 [JavaFX Application Thread] DEBUG Async                - Shutting down background threads
11:14:52.305 [JavaFX Application Thread] DEBUG MainWindow           - Closing main window
11:14:52.320 [JavaFX Application Thread] DEBUG Logger               - Closing Logger
