11:33:34.012 [main                     ] DEBUG Logger               - Configured Logger
11:33:34.030 [main                     ] DEBUG GameApplication      - Logging settings
Title: Sweet Saga Quest
Version: 1.0
Width: 640
Height: 480
Fullscreen: false
Intro: false
Profiling: false
Single step:false
App Mode: DEVELOPER
Menu Key: ESCAPE
Stage Style: DECORATED
Scene Factory: class com.almasb.fxgl.app.scene.SceneFactory

11:33:34.501 [JavaFX Application Thread] DEBUG FXGLApplication      - Initializing FXGL
11:33:34.503 [JavaFX Application Thread] INFO  Engine               - FXGL-11.12 (11.12.2020 08.51) on WINDOWS (J:17.0.9 FX:15)
11:33:34.503 [JavaFX Application Thread] DEBUG Engine               - JRE Vendor Name: Oracle Corporation
11:33:34.503 [JavaFX Application Thread] DEBUG Engine               - Running on OS: Windows 11 version 10.0
11:33:34.504 [JavaFX Application Thread] DEBUG Engine               - Architecture: amd64
11:33:34.504 [JavaFX Application Thread] INFO  Engine               - Source code and latest versions at: https://github.com/AlmasB/FXGL
11:33:34.504 [JavaFX Application Thread] INFO  Engine               -              Join the FXGL chat at: https://gitter.im/AlmasB/FXGL
11:33:34.625 [JavaFX Application Thread] DEBUG MainWindow           - Creating a JavaFX scene
11:33:34.680 [JavaFX Application Thread] DEBUG MainWindow           - Target settings size: 640.0 x 480.0
11:33:34.680 [JavaFX Application Thread] DEBUG MainWindow           - Scaled scene size:    640.0 x 480.0
11:33:34.680 [JavaFX Application Thread] DEBUG MainWindow           - Scaled ratio: (1.0, 1.0)
11:33:34.681 [JavaFX Application Thread] DEBUG MainWindow           - Set initial scene to StartupScene
11:33:34.689 [JavaFX Application Thread] DEBUG MainWindow           - Opening main window
11:33:34.779 [JavaFX Application Thread] DEBUG MainWindow           - Window border size: (14.4000244140625, 37.5999755859375)
11:33:34.780 [JavaFX Application Thread] DEBUG MainWindow           - Scaled size: 640.0 x 480.0
11:33:34.780 [JavaFX Application Thread] DEBUG MainWindow           - Scaled ratio: (1.0, 1.0)
11:33:34.780 [JavaFX Application Thread] DEBUG MainWindow           - Scene size: 640.0 x 480.0
11:33:34.780 [JavaFX Application Thread] DEBUG MainWindow           - Stage size: 654.4000244140625 x 517.5999755859375
11:33:34.794 [FXGL Background Thread 1 ] DEBUG Engine               - Initializing environment variables
11:33:34.831 [FXGL Background Thread 1 ] DEBUG GameApplicationServi - Applying CSS: fxgl_dark.css
11:33:34.832 [FXGL Background Thread 1 ] DEBUG FXGLAssetLoaderServi - Loading from file system: /assets/ui/css/fxgl_dark.css
11:33:34.898 [FXGL Background Thread 1 ] DEBUG GameApplicationServi - Initializing application scenes
11:33:34.945 [FXGL Background Thread 1 ] DEBUG GameWorld            - Game world initialized
11:33:35.023 [FXGL Background Thread 1 ] DEBUG PhysicsWorld         - Physics world initialized: appHeight=480, physics.ppm=50.0
11:33:35.029 [FXGL Background Thread 1 ] DEBUG GameScene            - Game scene initialized: 640x480
11:33:35.068 [FXGL Background Thread 1 ] DEBUG FXGLAssetLoaderServi - Loading from file system: /assets/textures/particles/trace_horizontal.png
11:33:35.135 [FXGL Background Thread 1 ] WARN  FXGL.DefaultMenu     - FXGLDefaultMenu is not designed for resolutions < 800x600
11:33:35.135 [FXGL Background Thread 1 ] DEBUG FXGL.DefaultMenu     - createMenuBodyGameMenu()
11:33:35.150 [FXGL Background Thread 1 ] DEBUG FXGL.DefaultMenu     - createOptionsMenu()
11:33:35.158 [FXGL Background Thread 1 ] DEBUG FXGLAssetLoaderServi - Loading from file system: /assets/textures/particles/smoke.png
11:33:35.232 [FXGL Background Thread 1 ] DEBUG GameApplicationServi - Application scenes initialized
11:33:35.245 [FXGL Background Thread 1 ] DEBUG SystemBundleService  - Loading FXGL system data
11:33:35.252 [FXGL Background Thread 1 ] DEBUG FileSystemAccess     - Reading from: D:\Dev\SweetSagaQuest\system\fxgl.bundle
11:33:35.262 [FXGL Background Thread 1 ] DEBUG SystemBundleService  - Bundle FXGL: {}
11:33:35.263 [FXGL Background Thread 1 ] DEBUG UpdaterService       - Checking for updates
11:33:35.267 [FXGL Background Thread 4 ] DEBUG FXGLApplication      - Loading fonts
11:33:35.267 [FXGL Background Thread 4 ] DEBUG FXGLAssetLoaderServi - Loading from file system: /assets/ui/fonts/VarelaRound-Regular.ttf
11:33:35.268 [FXGL Background Thread 1 ] DEBUG FXGLApplication      - Loading default localization
11:33:35.268 [FXGL Background Thread 1 ] DEBUG FXGLAssetLoaderServi - Loading from file system: /assets/languages/english.lang
11:33:35.293 [FXGL Background Thread 1 ] INFO  FXGLApplication      - FXGL initialization took: 0.499 sec
11:33:35.294 [JavaFX Application Thread] DEBUG FXGLAssetLoaderServi - Loading from file system: /assets/textures/fxgl_icon.png
11:33:35.319 [JavaFX Application Thread] DEBUG FXGLAssetLoaderServi - Loading from file system: /assets/ui/cursors/fxgl_default.png
11:33:35.334 [JavaFX Application Thread] DEBUG Input                - Registered new binding: Screenshot - P
11:33:35.335 [JavaFX Application Thread] DEBUG Input                - Registered new binding: System info dump - CTRL+9
11:33:35.336 [JavaFX Application Thread] DEBUG Input                - Registered new binding: Restart - CTRL+R
11:33:35.337 [JavaFX Application Thread] DEBUG Input                - Registered new binding: Toggle Debug Camera - CTRL+C
11:33:35.340 [JavaFX Application Thread] DEBUG LoopRunner           - Starting loop
11:33:35.341 [JavaFX Application Thread] DEBUG GameApplicationServi - Starting new game
11:33:35.342 [JavaFX Application Thread] DEBUG Input                - Clearing active input actions
11:33:35.349 [FXGL Background Thread 4 ] DEBUG FXGLAssetLoaderServi - Loading from file system: /assets/ui/fonts/Abel-Regular.ttf
11:33:35.354 [JavaFX Application Thread] DEBUG GameApplicationServi - Removing overlay from StartupScene and adding to FXGLLoadingScene
11:33:35.354 [JavaFX Application Thread] DEBUG MainWindow           - StartupScene -> FXGLLoadingScene
11:33:35.355 [JavaFX Application Thread] DEBUG GameApplicationServi - Clearing previous game
11:33:35.355 [JavaFX Application Thread] DEBUG GameScene            - Clearing game scene
11:33:35.355 [JavaFX Application Thread] DEBUG GameWorld            - Clearing game world
11:33:35.355 [JavaFX Application Thread] DEBUG PhysicsWorld         - Clearing physics world
11:33:35.357 [FXGL Background Thread 1 ] DEBUG FXGLApplication      - Initializing game
11:33:35.359 [FXGL Background Thread 4 ] DEBUG FXGLAssetLoaderServi - Loading from file system: /assets/ui/fonts/lucida_console.ttf
11:33:35.360 [FXGL Background Thread 1 ] DEBUG FXGLAssetLoaderServi - Loading from file system: /assets/textures/orange.png
11:33:35.377 [FXGL Background Thread 4 ] DEBUG FXGLAssetLoaderServi - Loading from file system: /assets/ui/fonts/Courier-Prime.ttf
11:33:35.396 [FXGL Background Thread 1 ] DEBUG FXGLAssetLoaderServi - Loading from file system: /assets/textures/blue.png
11:33:35.398 [FXGL Background Thread 1 ] DEBUG FXGLAssetLoaderServi - Loading from cache: /assets/textures/orange.png
11:33:35.399 [FXGL Background Thread 1 ] DEBUG FXGLAssetLoaderServi - Loading from file system: /assets/textures/yellow.png
11:33:35.402 [FXGL Background Thread 1 ] DEBUG FXGLAssetLoaderServi - Loading from file system: /assets/textures/red.png
11:33:35.406 [FXGL Background Thread 1 ] DEBUG FXGLAssetLoaderServi - Loading from cache: /assets/textures/red.png
11:33:35.407 [JavaFX Application Thread] DEBUG FXGLApplication      - Registering font factories with UI factory
11:33:35.408 [FXGL Background Thread 1 ] DEBUG FXGLAssetLoaderServi - Loading from file system: /assets/textures/green.png
11:33:35.411 [FXGL Background Thread 1 ] DEBUG FXGLAssetLoaderServi - Loading from cache: /assets/textures/red.png
11:33:35.412 [FXGL Background Thread 1 ] DEBUG FXGLAssetLoaderServi - Loading from cache: /assets/textures/orange.png
11:33:35.414 [FXGL Background Thread 1 ] DEBUG FXGLAssetLoaderServi - Loading from cache: /assets/textures/orange.png
11:33:35.414 [FXGL Background Thread 1 ] DEBUG FXGLAssetLoaderServi - Loading from cache: /assets/textures/green.png
11:33:35.416 [FXGL Background Thread 1 ] DEBUG FXGLAssetLoaderServi - Loading from cache: /assets/textures/red.png
11:33:35.417 [FXGL Background Thread 1 ] DEBUG FXGLAssetLoaderServi - Loading from file system: /assets/textures/purple.png
11:33:35.419 [FXGL Background Thread 1 ] DEBUG FXGLAssetLoaderServi - Loading from cache: /assets/textures/green.png
11:33:35.422 [FXGL Background Thread 1 ] DEBUG FXGLAssetLoaderServi - Loading from cache: /assets/textures/purple.png
11:33:35.424 [FXGL Background Thread 1 ] DEBUG FXGLAssetLoaderServi - Loading from cache: /assets/textures/yellow.png
11:33:35.425 [FXGL Background Thread 1 ] DEBUG FXGLAssetLoaderServi - Loading from cache: /assets/textures/green.png
11:33:35.426 [FXGL Background Thread 1 ] DEBUG FXGLAssetLoaderServi - Loading from cache: /assets/textures/orange.png
11:33:35.428 [FXGL Background Thread 1 ] DEBUG FXGLAssetLoaderServi - Loading from cache: /assets/textures/yellow.png
11:33:35.429 [FXGL Background Thread 1 ] DEBUG FXGLAssetLoaderServi - Loading from cache: /assets/textures/orange.png
11:33:35.430 [FXGL Background Thread 1 ] DEBUG FXGLAssetLoaderServi - Loading from cache: /assets/textures/purple.png
11:33:35.431 [FXGL Background Thread 1 ] DEBUG FXGLAssetLoaderServi - Loading from cache: /assets/textures/green.png
11:33:35.432 [FXGL Background Thread 1 ] DEBUG FXGLAssetLoaderServi - Loading from cache: /assets/textures/purple.png
11:33:35.433 [FXGL Background Thread 1 ] DEBUG FXGLAssetLoaderServi - Loading from cache: /assets/textures/green.png
11:33:35.435 [FXGL Background Thread 1 ] DEBUG FXGLAssetLoaderServi - Loading from cache: /assets/textures/orange.png
11:33:35.436 [FXGL Background Thread 1 ] DEBUG FXGLAssetLoaderServi - Loading from cache: /assets/textures/blue.png
11:33:35.437 [FXGL Background Thread 1 ] DEBUG FXGLAssetLoaderServi - Loading from cache: /assets/textures/blue.png
11:33:35.438 [FXGL Background Thread 1 ] DEBUG FXGLAssetLoaderServi - Loading from cache: /assets/textures/green.png
11:33:35.439 [FXGL Background Thread 1 ] DEBUG FXGLAssetLoaderServi - Loading from cache: /assets/textures/yellow.png
11:33:35.440 [FXGL Background Thread 1 ] DEBUG FXGLAssetLoaderServi - Loading from cache: /assets/textures/green.png
11:33:35.441 [FXGL Background Thread 1 ] DEBUG FXGLAssetLoaderServi - Loading from cache: /assets/textures/blue.png
11:33:35.443 [FXGL Background Thread 1 ] DEBUG FXGLAssetLoaderServi - Loading from cache: /assets/textures/yellow.png
11:33:35.444 [FXGL Background Thread 1 ] DEBUG FXGLAssetLoaderServi - Loading from cache: /assets/textures/red.png
11:33:35.445 [FXGL Background Thread 1 ] DEBUG FXGLAssetLoaderServi - Loading from cache: /assets/textures/yellow.png
11:33:35.446 [FXGL Background Thread 1 ] DEBUG FXGLAssetLoaderServi - Loading from cache: /assets/textures/green.png
11:33:35.447 [FXGL Background Thread 1 ] DEBUG FXGLAssetLoaderServi - Loading from cache: /assets/textures/purple.png
11:33:35.451 [FXGL Background Thread 1 ] INFO  FXGLApplication      - Game initialization took: 0.094 sec
11:33:35.511 [JavaFX Application Thread] DEBUG Input                - Clearing active input actions
11:33:35.530 [JavaFX Application Thread] DEBUG GameApplicationServi - Removing overlay from FXGLLoadingScene and adding to GameScene
11:33:35.531 [JavaFX Application Thread] DEBUG MainWindow           - FXGLLoadingScene -> GameScene
11:33:35.873 [FXGL Background Thread 2 ] INFO  UpdaterService       - Your current version:  11.12
11:33:35.874 [FXGL Background Thread 2 ] INFO  UpdaterService       - Latest stable version: 21.1
11:33:38.267 [FXGL Background Thread 3 ] DEBUG Engine               - Logging environment variables
11:33:38.268 [FXGL Background Thread 3 ] DEBUG Engine               - achievements: []
11:33:38.268 [FXGL Background Thread 3 ] DEBUG Engine               - actualHeight: 480.0
11:33:38.269 [FXGL Background Thread 3 ] DEBUG Engine               - actualHeightProperty: ReadOnlyDoubleProperty [value: 480.0]
11:33:38.269 [FXGL Background Thread 3 ] DEBUG Engine               - actualWidth: 640.0
11:33:38.269 [FXGL Background Thread 3 ] DEBUG Engine               - actualWidthProperty: ReadOnlyDoubleProperty [value: 640.0]
11:33:38.269 [FXGL Background Thread 3 ] DEBUG Engine               - appIcon: fxgl_icon.png
11:33:38.270 [FXGL Background Thread 3 ] DEBUG Engine               - applicationMode: DEVELOPER
11:33:38.270 [FXGL Background Thread 3 ] DEBUG Engine               - cSSList: [fxgl_dark.css]
11:33:38.270 [FXGL Background Thread 3 ] DEBUG Engine               - configClass: Optional.empty
11:33:38.270 [FXGL Background Thread 3 ] DEBUG Engine               - credits: []
11:33:38.271 [FXGL Background Thread 3 ] DEBUG Engine               - devBBoxColorProperty: ObjectProperty [value: 0xff0000ff]
11:33:38.271 [FXGL Background Thread 3 ] DEBUG Engine               - devEnableDebugCameraProperty: BooleanProperty [value: false]
11:33:38.271 [FXGL Background Thread 3 ] DEBUG Engine               - devSensorColorProperty: ObjectProperty [value: 0xffff00ff]
11:33:38.271 [FXGL Background Thread 3 ] DEBUG Engine               - devShowBBoxProperty: BooleanProperty [value: false]
11:33:38.271 [FXGL Background Thread 3 ] DEBUG Engine               - devShowPositionProperty: BooleanProperty [value: false]
11:33:38.272 [FXGL Background Thread 3 ] DEBUG Engine               - enabledMenuItems: []
11:33:38.272 [FXGL Background Thread 3 ] DEBUG Engine               - engineServices: [class com.almasb.fxgl.app.FXGLApplication$GameApplicationService, class com.almasb.fxgl.app.services.FXGLDialogService, class com.almasb.fxgl.app.services.IOTaskExecutorService, class com.almasb.fxgl.event.EventBusService, class com.almasb.fxgl.io.FileSystemService, class com.almasb.fxgl.localization.LocalizationService, class com.almasb.fxgl.app.services.FXGLAssetLoaderService, class com.almasb.fxgl.app.services.SystemBundleService, class com.almasb.fxgl.profile.SaveLoadService, class com.almasb.fxgl.ui.FXGLUIFactoryServiceProvider, class com.almasb.fxgl.ui.FXGLDialogFactoryServiceProvider, class com.almasb.fxgl.audio.AudioPlayer, class com.almasb.fxgl.notification.impl.NotificationServiceProvider, class com.almasb.fxgl.achievement.AchievementService, class com.almasb.fxgl.cutscene.CutsceneService, class com.almasb.fxgl.minigames.MiniGameService, class com.almasb.fxgl.net.NetService, class com.almasb.fxgl.app.services.UpdaterService, class com.almasb.fxgl.dev.DevService]
11:33:38.272 [FXGL Background Thread 3 ] DEBUG Engine               - fontGame: Abel-Regular.ttf
11:33:38.272 [FXGL Background Thread 3 ] DEBUG Engine               - fontMono: lucida_console.ttf
11:33:38.272 [FXGL Background Thread 3 ] DEBUG Engine               - fontText: Courier-Prime.ttf
11:33:38.272 [FXGL Background Thread 3 ] DEBUG Engine               - fontUI: VarelaRound-Regular.ttf
11:33:38.272 [FXGL Background Thread 3 ] DEBUG Engine               - fullScreen: BooleanProperty [value: false]
11:33:38.273 [FXGL Background Thread 3 ] DEBUG Engine               - gameDifficulty: MEDIUM
11:33:38.273 [FXGL Background Thread 3 ] DEBUG Engine               - gameDifficultyProperty: ObjectProperty [value: MEDIUM]
11:33:38.273 [FXGL Background Thread 3 ] DEBUG Engine               - globalMusicVolume: 0.5
11:33:38.273 [FXGL Background Thread 3 ] DEBUG Engine               - globalMusicVolumeProperty: DoubleProperty [value: 0.5]
11:33:38.274 [FXGL Background Thread 3 ] DEBUG Engine               - globalSoundVolume: 0.5
11:33:38.274 [FXGL Background Thread 3 ] DEBUG Engine               - globalSoundVolumeProperty: DoubleProperty [value: 0.5]
11:33:38.274 [FXGL Background Thread 3 ] DEBUG Engine               - height: 480
11:33:38.274 [FXGL Background Thread 3 ] DEBUG Engine               - isAndroid: false
11:33:38.274 [FXGL Background Thread 3 ] DEBUG Engine               - isBrowser: false
11:33:38.274 [FXGL Background Thread 3 ] DEBUG Engine               - isClickFeedbackEnabled: false
11:33:38.274 [FXGL Background Thread 3 ] DEBUG Engine               - isCloseConfirmation: false
11:33:38.275 [FXGL Background Thread 3 ] DEBUG Engine               - isDesktop: true
11:33:38.275 [FXGL Background Thread 3 ] DEBUG Engine               - isDeveloperMenuEnabled: false
11:33:38.275 [FXGL Background Thread 3 ] DEBUG Engine               - isEntityPreloadEnabled: true
11:33:38.275 [FXGL Background Thread 3 ] DEBUG Engine               - isExperimental3D: false
11:33:38.275 [FXGL Background Thread 3 ] DEBUG Engine               - isExperimentalNative: false
11:33:38.275 [FXGL Background Thread 3 ] DEBUG Engine               - isExperimentalTiledLargeMap: false
11:33:38.275 [FXGL Background Thread 3 ] DEBUG Engine               - isFileSystemWriteAllowed: true
11:33:38.275 [FXGL Background Thread 3 ] DEBUG Engine               - isFullScreenAllowed: false
11:33:38.275 [FXGL Background Thread 3 ] DEBUG Engine               - isFullScreenFromStart: false
11:33:38.276 [FXGL Background Thread 3 ] DEBUG Engine               - isGameMenuEnabled: true
11:33:38.276 [FXGL Background Thread 3 ] DEBUG Engine               - isIOS: false
11:33:38.276 [FXGL Background Thread 3 ] DEBUG Engine               - isIntroEnabled: false
11:33:38.276 [FXGL Background Thread 3 ] DEBUG Engine               - isLinux: false
11:33:38.276 [FXGL Background Thread 3 ] DEBUG Engine               - isMac: false
11:33:38.276 [FXGL Background Thread 3 ] DEBUG Engine               - isMainMenuEnabled: false
11:33:38.276 [FXGL Background Thread 3 ] DEBUG Engine               - isManualResizeEnabled: false
11:33:38.276 [FXGL Background Thread 3 ] DEBUG Engine               - isMobile: false
11:33:38.276 [FXGL Background Thread 3 ] DEBUG Engine               - isPreserveResizeRatio: false
11:33:38.276 [FXGL Background Thread 3 ] DEBUG Engine               - isProfilingEnabled: false
11:33:38.276 [FXGL Background Thread 3 ] DEBUG Engine               - isScaleAffectedOnResize: true
11:33:38.278 [FXGL Background Thread 3 ] DEBUG Engine               - isSingleStep: false
11:33:38.278 [FXGL Background Thread 3 ] DEBUG Engine               - isUserProfileEnabled: false
11:33:38.278 [FXGL Background Thread 3 ] DEBUG Engine               - isWindows: true
11:33:38.278 [FXGL Background Thread 3 ] DEBUG Engine               - language: ObjectProperty [value: ENGLISH]
11:33:38.278 [FXGL Background Thread 3 ] DEBUG Engine               - menuKey: ESCAPE
11:33:38.278 [FXGL Background Thread 3 ] DEBUG Engine               - notificationViewClass: class com.almasb.fxgl.notification.view.XboxNotificationView
11:33:38.279 [FXGL Background Thread 3 ] DEBUG Engine               - pixelsPerMeter: 50.0
11:33:38.279 [FXGL Background Thread 3 ] DEBUG Engine               - platform: WINDOWS
11:33:38.279 [FXGL Background Thread 3 ] DEBUG Engine               - prefHeightProperty: ReadOnlyDoubleProperty [value: 480.0]
11:33:38.279 [FXGL Background Thread 3 ] DEBUG Engine               - prefWidthProperty: ReadOnlyDoubleProperty [value: 640.0]
11:33:38.279 [FXGL Background Thread 3 ] DEBUG Engine               - profileDir: profiles/
11:33:38.279 [FXGL Background Thread 3 ] DEBUG Engine               - profileName: StringProperty [value: DEFAULT]
11:33:38.279 [FXGL Background Thread 3 ] DEBUG Engine               - randomSeed: -1
11:33:38.280 [FXGL Background Thread 3 ] DEBUG Engine               - runtimeInfo: RuntimeInfo(platform=WINDOWS, version=11.12, build=11.12.2020 08.51)
11:33:38.280 [FXGL Background Thread 3 ] DEBUG Engine               - saveFileExt: sav
11:33:38.280 [FXGL Background Thread 3 ] DEBUG Engine               - scaledHeightProp$fxgl: DoubleProperty [bound, value: 480.0]
11:33:38.280 [FXGL Background Thread 3 ] DEBUG Engine               - scaledWidthProp$fxgl: DoubleProperty [bound, value: 640.0]
11:33:38.280 [FXGL Background Thread 3 ] DEBUG Engine               - sceneFactory: com.almasb.fxgl.app.scene.SceneFactory@5dd73fc6
11:33:38.280 [FXGL Background Thread 3 ] DEBUG Engine               - secondsIn24h: 60
11:33:38.280 [FXGL Background Thread 3 ] DEBUG Engine               - soundMenuBack: menu/back.wav
11:33:38.280 [FXGL Background Thread 3 ] DEBUG Engine               - soundMenuPress: menu/press.wav
11:33:38.280 [FXGL Background Thread 3 ] DEBUG Engine               - soundMenuSelect: menu/select.wav
11:33:38.280 [FXGL Background Thread 3 ] DEBUG Engine               - soundNotification: core/notification.wav
11:33:38.281 [FXGL Background Thread 3 ] DEBUG Engine               - stageStyle: DECORATED
11:33:38.281 [FXGL Background Thread 3 ] DEBUG Engine               - supportedLanguages: [ENGLISH, FRENCH, GERMAN, HUNGARIAN, RUSSIAN]
11:33:38.281 [FXGL Background Thread 3 ] DEBUG Engine               - title: Sweet Saga Quest
11:33:38.281 [FXGL Background Thread 3 ] DEBUG Engine               - urlGithub: https://github.com/AlmasB/FXGL
11:33:38.281 [FXGL Background Thread 3 ] DEBUG Engine               - urlLeaderboard: http://fxgl-top.herokuapp.com/
11:33:38.281 [FXGL Background Thread 3 ] DEBUG Engine               - urlPOM: https://raw.githubusercontent.com/AlmasB/FXGL/master/README.md
11:33:38.281 [FXGL Background Thread 3 ] DEBUG Engine               - version: 1.0
11:33:38.281 [FXGL Background Thread 3 ] DEBUG Engine               - versionCheckDays: 7
11:33:38.281 [FXGL Background Thread 3 ] DEBUG Engine               - width: 640
11:33:38.281 [FXGL Background Thread 3 ] DEBUG Engine               - Logging services
11:33:38.281 [FXGL Background Thread 3 ] DEBUG Engine               - class com.almasb.fxgl.app.FXGLApplication$GameApplicationService
11:33:38.282 [FXGL Background Thread 3 ] DEBUG Engine               - class com.almasb.fxgl.app.services.FXGLDialogService
11:33:38.282 [FXGL Background Thread 3 ] DEBUG Engine               - class com.almasb.fxgl.app.services.IOTaskExecutorService
11:33:38.282 [FXGL Background Thread 3 ] DEBUG Engine               - class com.almasb.fxgl.event.EventBusService
11:33:38.282 [FXGL Background Thread 3 ] DEBUG Engine               - class com.almasb.fxgl.io.FileSystemService
11:33:38.282 [FXGL Background Thread 3 ] DEBUG Engine               - class com.almasb.fxgl.localization.LocalizationService
11:33:38.282 [FXGL Background Thread 3 ] DEBUG Engine               - class com.almasb.fxgl.app.services.FXGLAssetLoaderService
11:33:38.282 [FXGL Background Thread 3 ] DEBUG Engine               - class com.almasb.fxgl.app.services.SystemBundleService
11:33:38.282 [FXGL Background Thread 3 ] DEBUG Engine               - class com.almasb.fxgl.profile.SaveLoadService
11:33:38.282 [FXGL Background Thread 3 ] DEBUG Engine               - class com.almasb.fxgl.ui.FXGLUIFactoryServiceProvider
11:33:38.282 [FXGL Background Thread 3 ] DEBUG Engine               - class com.almasb.fxgl.ui.FXGLDialogFactoryServiceProvider
11:33:38.282 [FXGL Background Thread 3 ] DEBUG Engine               - class com.almasb.fxgl.audio.AudioPlayer
11:33:38.282 [FXGL Background Thread 3 ] DEBUG Engine               - class com.almasb.fxgl.notification.impl.NotificationServiceProvider
11:33:38.283 [FXGL Background Thread 3 ] DEBUG Engine               - class com.almasb.fxgl.achievement.AchievementService
11:33:38.283 [FXGL Background Thread 3 ] DEBUG Engine               - class com.almasb.fxgl.cutscene.CutsceneService
11:33:38.283 [FXGL Background Thread 3 ] DEBUG Engine               - class com.almasb.fxgl.minigames.MiniGameService
11:33:38.283 [FXGL Background Thread 3 ] DEBUG Engine               - class com.almasb.fxgl.net.NetService
11:33:38.283 [FXGL Background Thread 3 ] DEBUG Engine               - class com.almasb.fxgl.app.services.UpdaterService
11:33:38.283 [FXGL Background Thread 3 ] DEBUG Engine               - class com.almasb.fxgl.dev.DevService
11:33:45.084 [JavaFX Application Thread] DEBUG FXGLApplication      - Exiting FXGL
11:33:45.085 [JavaFX Application Thread] DEBUG LoopRunner           - Stopping loop
11:33:45.085 [JavaFX Application Thread] DEBUG SystemBundleService  - Saving FXGL system data
11:33:45.090 [JavaFX Application Thread] DEBUG FileSystemAccess     - Writing to: D:\Dev\SweetSagaQuest\system\fxgl.bundle
11:33:45.093 [JavaFX Application Thread] DEBUG Async                - Shutting down background threads
11:33:45.094 [JavaFX Application Thread] DEBUG MainWindow           - Closing main window
11:33:45.114 [JavaFX Application Thread] DEBUG Logger               - Closing Logger
